{"D:\\Chiussi Services\\chiussi-services\\app\\layout.js": {"path":"D:\\Chiussi Services\\chiussi-services\\app\\layout.js","statementMap":{"0":{"start":{"line":21,"column":24},"end":{"line":21,"column":35}},"1":{"start":{"line":6,"column":13},"end":{"line":6,"column":24}},"2":{"start":{"line":1,"column":22},"end":{"line":1,"column":null}},"3":{"start":{"line":2,"column":7},"end":{"line":2,"column":null}},"4":{"start":{"line":4,"column":14},"end":{"line":4,"column":null}},"5":{"start":{"line":6,"column":24},"end":{"line":19,"column":null}}},"fnMap":{"0":{"name":"RootLayout","decl":{"start":{"line":21,"column":24},"end":{"line":21,"column":35}},"loc":{"start":{"line":21,"column":47},"end":{"line":27,"column":null}}}},"branchMap":{},"s":{"0":0,"1":0,"2":0,"3":0,"4":0,"5":0},"f":{"0":0},"b":{}}
,"D:\\Chiussi Services\\chiussi-services\\app\\page.js": {"path":"D:\\Chiussi Services\\chiussi-services\\app\\page.js","statementMap":{"0":{"start":{"line":10,"column":24},"end":{"line":10,"column":null}},"1":{"start":{"line":2,"column":25},"end":{"line":2,"column":null}},"2":{"start":{"line":3,"column":17},"end":{"line":3,"column":null}},"3":{"start":{"line":8,"column":7},"end":{"line":8,"column":null}},"4":{"start":{"line":11,"column":34},"end":{"line":11,"column":null}},"5":{"start":{"line":13,"column":21},"end":{"line":13,"column":null}},"6":{"start":{"line":13,"column":27},"end":{"line":13,"column":null}},"7":{"start":{"line":15,"column":19},"end":{"line":60,"column":null}},"8":{"start":{"line":62,"column":15},"end":{"line":66,"column":null}},"9":{"start":{"line":103,"column":12},"end":{"line":103,"column":27}},"10":{"start":{"line":112,"column":20},"end":{"line":112,"column":32}},"11":{"start":{"line":142,"column":12},"end":{"line":142,"column":27}}},"fnMap":{"0":{"name":"HomePage","decl":{"start":{"line":10,"column":24},"end":{"line":10,"column":null}},"loc":{"start":{"line":10,"column":24},"end":{"line":181,"column":null}}},"1":{"name":"(anonymous_3)","decl":{"start":{"line":13,"column":21},"end":{"line":13,"column":27}},"loc":{"start":{"line":13,"column":27},"end":{"line":13,"column":null}}},"2":{"name":"(anonymous_4)","decl":{"start":{"line":102,"column":24},"end":{"line":102,"column":25}},"loc":{"start":{"line":103,"column":12},"end":{"line":103,"column":27}}},"3":{"name":"(anonymous_5)","decl":{"start":{"line":111,"column":31},"end":{"line":111,"column":32}},"loc":{"start":{"line":112,"column":20},"end":{"line":112,"column":32}}},"4":{"name":"(anonymous_6)","decl":{"start":{"line":141,"column":20},"end":{"line":141,"column":21}},"loc":{"start":{"line":142,"column":12},"end":{"line":142,"column":27}}}},"branchMap":{"0":{"loc":{"start":{"line":36,"column":45},"end":{"line":36,"column":89}},"type":"cond-expr","locations":[{"start":{"line":36,"column":56},"end":{"line":36,"column":71}},{"start":{"line":36,"column":71},"end":{"line":36,"column":89}}]},"1":{"loc":{"start":{"line":69,"column":67},"end":{"line":69,"column":133}},"type":"cond-expr","locations":[{"start":{"line":69,"column":78},"end":{"line":69,"column":106}},{"start":{"line":69,"column":106},"end":{"line":69,"column":133}}]},"2":{"loc":{"start":{"line":72,"column":20},"end":{"line":72,"column":51}},"type":"cond-expr","locations":[{"start":{"line":72,"column":20},"end":{"line":72,"column":51}}]},"3":{"loc":{"start":{"line":76,"column":83},"end":{"line":76,"column":126}},"type":"cond-expr","locations":[{"start":{"line":76,"column":94},"end":{"line":76,"column":110}},{"start":{"line":76,"column":110},"end":{"line":76,"column":126}}]},"4":{"loc":{"start":{"line":103,"column":122},"end":{"line":103,"column":192}},"type":"cond-expr","locations":[{"start":{"line":103,"column":133},"end":{"line":103,"column":164}},{"start":{"line":103,"column":164},"end":{"line":103,"column":192}}]},"5":{"loc":{"start":{"line":112,"column":60},"end":{"line":112,"column":108}},"type":"cond-expr","locations":[{"start":{"line":112,"column":71},"end":{"line":112,"column":90}},{"start":{"line":112,"column":90},"end":{"line":112,"column":108}}]},"6":{"loc":{"start":{"line":114,"column":63},"end":{"line":114,"column":110}},"type":"cond-expr","locations":[{"start":{"line":114,"column":74},"end":{"line":114,"column":92}},{"start":{"line":114,"column":92},"end":{"line":114,"column":110}}]},"7":{"loc":{"start":{"line":142,"column":82},"end":{"line":142,"column":182}},"type":"cond-expr","locations":[{"start":{"line":142,"column":93},"end":{"line":142,"column":138}},{"start":{"line":142,"column":138},"end":{"line":142,"column":182}}]},"8":{"loc":{"start":{"line":143,"column":73},"end":{"line":143,"column":121}},"type":"cond-expr","locations":[{"start":{"line":143,"column":84},"end":{"line":143,"column":103}},{"start":{"line":143,"column":103},"end":{"line":143,"column":121}}]},"9":{"loc":{"start":{"line":151,"column":63},"end":{"line":151,"column":106}},"type":"cond-expr","locations":[{"start":{"line":151,"column":74},"end":{"line":151,"column":90}},{"start":{"line":151,"column":90},"end":{"line":151,"column":106}}]}},"s":{"0":0,"1":0,"2":0,"3":0,"4":0,"5":0,"6":0,"7":0,"8":0,"9":0,"10":0,"11":0},"f":{"0":0,"1":0,"2":0,"3":0,"4":0},"b":{"0":[0,0],"1":[0,0],"2":[0],"3":[0,0],"4":[0,0],"5":[0,0],"6":[0,0],"7":[0,0],"8":[0,0],"9":[0,0]}}
,"D:\\Chiussi Services\\chiussi-services\\app\\(admin)\\dashboard\\page.tsx": {"path":"D:\\Chiussi Services\\chiussi-services\\app\\(admin)\\dashboard\\page.tsx","statementMap":{"0":{"start":{"line":10,"column":24},"end":{"line":10,"column":null}},"1":{"start":{"line":2,"column":36},"end":{"line":2,"column":null}},"2":{"start":{"line":3,"column":25},"end":{"line":3,"column":null}},"3":{"start":{"line":4,"column":26},"end":{"line":4,"column":null}},"4":{"start":{"line":6,"column":26},"end":{"line":6,"column":null}},"5":{"start":{"line":7,"column":34},"end":{"line":7,"column":null}},"6":{"start":{"line":8,"column":65},"end":{"line":8,"column":null}},"7":{"start":{"line":11,"column":32},"end":{"line":11,"column":null}},"8":{"start":{"line":12,"column":30},"end":{"line":12,"column":null}},"9":{"start":{"line":13,"column":32},"end":{"line":13,"column":null}},"10":{"start":{"line":14,"column":28},"end":{"line":14,"column":null}},"11":{"start":{"line":15,"column":32},"end":{"line":15,"column":null}},"12":{"start":{"line":16,"column":17},"end":{"line":16,"column":null}},"13":{"start":{"line":18,"column":2},"end":{"line":31,"column":null}},"14":{"start":{"line":19,"column":22},"end":{"line":28,"column":null}},"15":{"start":{"line":20,"column":36},"end":{"line":20,"column":null}},"16":{"start":{"line":21,"column":6},"end":{"line":27,"column":null}},"17":{"start":{"line":22,"column":8},"end":{"line":22,"column":null}},"18":{"start":{"line":24,"column":8},"end":{"line":24,"column":null}},"19":{"start":{"line":25,"column":8},"end":{"line":25,"column":null}},"20":{"start":{"line":26,"column":8},"end":{"line":26,"column":null}},"21":{"start":{"line":30,"column":4},"end":{"line":30,"column":null}},"22":{"start":{"line":34,"column":4},"end":{"line":56,"column":null}},"23":{"start":{"line":35,"column":6},"end":{"line":35,"column":null}},"24":{"start":{"line":36,"column":45},"end":{"line":40,"column":null}},"25":{"start":{"line":42,"column":6},"end":{"line":47,"column":null}},"26":{"start":{"line":43,"column":8},"end":{"line":43,"column":null}},"27":{"start":{"line":44,"column":8},"end":{"line":44,"column":null}},"28":{"start":{"line":45,"column":8},"end":{"line":45,"column":null}},"29":{"start":{"line":46,"column":8},"end":{"line":46,"column":null}},"30":{"start":{"line":49,"column":6},"end":{"line":51,"column":null}},"31":{"start":{"line":50,"column":8},"end":{"line":50,"column":null}},"32":{"start":{"line":53,"column":6},"end":{"line":53,"column":null}},"33":{"start":{"line":54,"column":6},"end":{"line":54,"column":null}},"34":{"start":{"line":55,"column":6},"end":{"line":55,"column":null}},"35":{"start":{"line":59,"column":23},"end":{"line":62,"column":null}},"36":{"start":{"line":60,"column":4},"end":{"line":60,"column":null}},"37":{"start":{"line":61,"column":4},"end":{"line":61,"column":null}},"38":{"start":{"line":66,"column":19},"end":{"line":68,"column":null}},"39":{"start":{"line":67,"column":4},"end":{"line":68,"column":null}},"40":{"start":{"line":97,"column":33},"end":{"line":97,"column":null}},"41":{"start":{"line":111,"column":12},"end":{"line":111,"column":null}}},"fnMap":{"0":{"name":"DashboardPage","decl":{"start":{"line":10,"column":24},"end":{"line":10,"column":null}},"loc":{"start":{"line":10,"column":24},"end":{"line":133,"column":null}}},"1":{"name":"(anonymous_3)","decl":{"start":{"line":18,"column":12},"end":{"line":18,"column":null}},"loc":{"start":{"line":18,"column":12},"end":{"line":31,"column":5}}},"2":{"name":"(anonymous_4)","decl":{"start":{"line":19,"column":22},"end":{"line":19,"column":null}},"loc":{"start":{"line":19,"column":22},"end":{"line":28,"column":null}}},"3":{"name":"fetchTickets","decl":{"start":{"line":33,"column":17},"end":{"line":33,"column":null}},"loc":{"start":{"line":33,"column":17},"end":{"line":57,"column":null}}},"4":{"name":"(anonymous_6)","decl":{"start":{"line":59,"column":23},"end":{"line":59,"column":null}},"loc":{"start":{"line":59,"column":23},"end":{"line":62,"column":null}}},"5":{"name":"(anonymous_7)","decl":{"start":{"line":66,"column":34},"end":{"line":66,"column":null}},"loc":{"start":{"line":67,"column":4},"end":{"line":68,"column":null}}},"6":{"name":"(anonymous_8)","decl":{"start":{"line":97,"column":26},"end":{"line":97,"column":27}},"loc":{"start":{"line":97,"column":33},"end":{"line":97,"column":null}}},"7":{"name":"(anonymous_9)","decl":{"start":{"line":110,"column":24},"end":{"line":110,"column":null}},"loc":{"start":{"line":111,"column":12},"end":{"line":111,"column":null}}}},"branchMap":{"0":{"loc":{"start":{"line":21,"column":6},"end":{"line":27,"column":null}},"type":"if","locations":[{"start":{"line":21,"column":6},"end":{"line":27,"column":null}},{"start":{"line":23,"column":13},"end":{"line":27,"column":null}}]},"1":{"loc":{"start":{"line":42,"column":6},"end":{"line":47,"column":null}},"type":"if","locations":[{"start":{"line":42,"column":6},"end":{"line":47,"column":null}},{"start":{},"end":{}}]},"2":{"loc":{"start":{"line":49,"column":6},"end":{"line":51,"column":null}},"type":"if","locations":[{"start":{"line":49,"column":6},"end":{"line":51,"column":null}},{"start":{},"end":{}}]},"3":{"loc":{"start":{"line":67,"column":4},"end":{"line":68,"column":null}},"type":"binary-expr","locations":[{"start":{"line":67,"column":4},"end":{"line":67,"column":null}},{"start":{"line":68,"column":4},"end":{"line":68,"column":null}}]},"4":{"loc":{"start":{"line":74,"column":9},"end":{"line":74,"column":null}},"type":"binary-expr","locations":[{"start":{"line":74,"column":9},"end":{"line":74,"column":null}}]}},"s":{"0":0,"1":0,"2":0,"3":0,"4":0,"5":0,"6":0,"7":0,"8":0,"9":0,"10":0,"11":0,"12":0,"13":0,"14":0,"15":0,"16":0,"17":0,"18":0,"19":0,"20":0,"21":0,"22":0,"23":0,"24":0,"25":0,"26":0,"27":0,"28":0,"29":0,"30":0,"31":0,"32":0,"33":0,"34":0,"35":0,"36":0,"37":0,"38":0,"39":0,"40":0,"41":0},"f":{"0":0,"1":0,"2":0,"3":0,"4":0,"5":0,"6":0,"7":0},"b":{"0":[0,0],"1":[0,0],"2":[0,0],"3":[0,0],"4":[0]}}
,"D:\\Chiussi Services\\chiussi-services\\app\\(admin)\\login\\page.js": {"path":"D:\\Chiussi Services\\chiussi-services\\app\\(admin)\\login\\page.js","statementMap":{"0":{"start":{"line":10,"column":24},"end":{"line":10,"column":null}},"1":{"start":{"line":2,"column":25},"end":{"line":2,"column":null}},"2":{"start":{"line":3,"column":29},"end":{"line":3,"column":null}},"3":{"start":{"line":4,"column":26},"end":{"line":4,"column":null}},"4":{"start":{"line":5,"column":40},"end":{"line":5,"column":null}},"5":{"start":{"line":6,"column":17},"end":{"line":6,"column":null}},"6":{"start":{"line":8,"column":17},"end":{"line":8,"column":null}},"7":{"start":{"line":11,"column":28},"end":{"line":11,"column":null}},"8":{"start":{"line":12,"column":34},"end":{"line":12,"column":null}},"9":{"start":{"line":13,"column":32},"end":{"line":13,"column":null}},"10":{"start":{"line":14,"column":28},"end":{"line":14,"column":null}},"11":{"start":{"line":15,"column":17},"end":{"line":15,"column":null}},"12":{"start":{"line":17,"column":22},"end":{"line":28,"column":null}},"13":{"start":{"line":18,"column":4},"end":{"line":18,"column":null}},"14":{"start":{"line":19,"column":4},"end":{"line":19,"column":null}},"15":{"start":{"line":20,"column":4},"end":{"line":20,"column":null}},"16":{"start":{"line":21,"column":22},"end":{"line":21,"column":null}},"17":{"start":{"line":22,"column":4},"end":{"line":27,"column":null}},"18":{"start":{"line":23,"column":6},"end":{"line":23,"column":null}},"19":{"start":{"line":24,"column":6},"end":{"line":24,"column":null}},"20":{"start":{"line":26,"column":6},"end":{"line":26,"column":null}},"21":{"start":{"line":47,"column":74},"end":{"line":47,"column":null}},"22":{"start":{"line":55,"column":80},"end":{"line":55,"column":null}}},"fnMap":{"0":{"name":"LoginPage","decl":{"start":{"line":10,"column":24},"end":{"line":10,"column":null}},"loc":{"start":{"line":10,"column":24},"end":{"line":69,"column":null}}},"1":{"name":"(anonymous_3)","decl":{"start":{"line":17,"column":22},"end":{"line":17,"column":29}},"loc":{"start":{"line":17,"column":29},"end":{"line":28,"column":null}}},"2":{"name":"(anonymous_4)","decl":{"start":{"line":47,"column":67},"end":{"line":47,"column":68}},"loc":{"start":{"line":47,"column":74},"end":{"line":47,"column":null}}},"3":{"name":"(anonymous_5)","decl":{"start":{"line":55,"column":73},"end":{"line":55,"column":74}},"loc":{"start":{"line":55,"column":80},"end":{"line":55,"column":null}}}},"branchMap":{"0":{"loc":{"start":{"line":22,"column":4},"end":{"line":27,"column":null}},"type":"if","locations":[{"start":{"line":22,"column":4},"end":{"line":27,"column":null}},{"start":{"line":25,"column":11},"end":{"line":27,"column":null}}]},"1":{"loc":{"start":{"line":59,"column":13},"end":{"line":59,"column":22}},"type":"binary-expr","locations":[{"start":{"line":59,"column":13},"end":{"line":59,"column":22}}]},"2":{"loc":{"start":{"line":62,"column":15},"end":{"line":62,"column":null}},"type":"cond-expr","locations":[{"start":{"line":62,"column":25},"end":{"line":62,"column":42}},{"start":{"line":62,"column":42},"end":{"line":62,"column":null}}]}},"s":{"0":0,"1":0,"2":0,"3":0,"4":0,"5":0,"6":0,"7":0,"8":0,"9":0,"10":0,"11":0,"12":0,"13":0,"14":0,"15":0,"16":0,"17":0,"18":0,"19":0,"20":0,"21":0,"22":0},"f":{"0":0,"1":0,"2":0,"3":0},"b":{"0":[0,0],"1":[0],"2":[0,0]}}
,"D:\\Chiussi Services\\chiussi-services\\app\\api\\csrf-token\\route.js": {"path":"D:\\Chiussi Services\\chiussi-services\\app\\api\\csrf-token\\route.js","statementMap":{"0":{"start":{"line":11,"column":22},"end":{"line":11,"column":null}},"1":{"start":{"line":1,"column":29},"end":{"line":1,"column":null}},"2":{"start":{"line":2,"column":53},"end":{"line":2,"column":null}},"3":{"start":{"line":3,"column":34},"end":{"line":3,"column":null}},"4":{"start":{"line":12,"column":2},"end":{"line":32,"column":null}},"5":{"start":{"line":13,"column":18},"end":{"line":13,"column":null}},"6":{"start":{"line":15,"column":4},"end":{"line":24,"column":null}},"7":{"start":{"line":27,"column":4},"end":{"line":27,"column":null}},"8":{"start":{"line":28,"column":4},"end":{"line":30,"column":null}}},"fnMap":{"0":{"name":"GET","decl":{"start":{"line":11,"column":22},"end":{"line":11,"column":null}},"loc":{"start":{"line":11,"column":22},"end":{"line":33,"column":null}}}},"branchMap":{},"s":{"0":0,"1":0,"2":0,"3":0,"4":0,"5":0,"6":0,"7":0,"8":0},"f":{"0":0},"b":{}}
,"D:\\Chiussi Services\\chiussi-services\\app\\api\\tickets\\route.js": {"path":"D:\\Chiussi Services\\chiussi-services\\app\\api\\tickets\\route.js","statementMap":{"0":{"start":{"line":118,"column":22},"end":{"line":118,"column":27}},"1":{"start":{"line":1,"column":29},"end":{"line":1,"column":null}},"2":{"start":{"line":2,"column":29},"end":{"line":2,"column":null}},"3":{"start":{"line":3,"column":34},"end":{"line":3,"column":null}},"4":{"start":{"line":4,"column":68},"end":{"line":4,"column":null}},"5":{"start":{"line":5,"column":44},"end":{"line":5,"column":null}},"6":{"start":{"line":8,"column":25},"end":{"line":47,"column":null}},"7":{"start":{"line":54,"column":2},"end":{"line":59,"column":null}},"8":{"start":{"line":55,"column":4},"end":{"line":57,"column":null}},"9":{"start":{"line":56,"column":6},"end":{"line":56,"column":null}},"10":{"start":{"line":58,"column":4},"end":{"line":58,"column":null}},"11":{"start":{"line":61,"column":23},"end":{"line":61,"column":null}},"12":{"start":{"line":63,"column":2},"end":{"line":65,"column":null}},"13":{"start":{"line":64,"column":4},"end":{"line":64,"column":null}},"14":{"start":{"line":67,"column":2},"end":{"line":69,"column":null}},"15":{"start":{"line":68,"column":4},"end":{"line":68,"column":null}},"16":{"start":{"line":71,"column":2},"end":{"line":73,"column":null}},"17":{"start":{"line":72,"column":4},"end":{"line":72,"column":null}},"18":{"start":{"line":75,"column":2},"end":{"line":77,"column":null}},"19":{"start":{"line":76,"column":4},"end":{"line":76,"column":null}},"20":{"start":{"line":79,"column":2},"end":{"line":79,"column":null}},"21":{"start":{"line":87,"column":17},"end":{"line":87,"column":null}},"22":{"start":{"line":88,"column":15},"end":{"line":88,"column":null}},"23":{"start":{"line":91,"column":21},"end":{"line":98,"column":null}},"24":{"start":{"line":101,"column":2},"end":{"line":109,"column":null}},"25":{"start":{"line":102,"column":18},"end":{"line":102,"column":null}},"26":{"start":{"line":103,"column":4},"end":{"line":108,"column":null}},"27":{"start":{"line":104,"column":6},"end":{"line":104,"column":null}},"28":{"start":{"line":107,"column":6},"end":{"line":107,"column":null}},"29":{"start":{"line":111,"column":2},"end":{"line":115,"column":null}},"30":{"start":{"line":119,"column":2},"end":{"line":241,"column":null}},"31":{"start":{"line":121,"column":15},"end":{"line":121,"column":null}},"32":{"start":{"line":122,"column":46},"end":{"line":122,"column":null}},"33":{"start":{"line":124,"column":4},"end":{"line":139,"column":null}},"34":{"start":{"line":125,"column":25},"end":{"line":125,"column":null}},"35":{"start":{"line":126,"column":6},"end":{"line":126,"column":null}},"36":{"start":{"line":127,"column":6},"end":{"line":137,"column":null}},"37":{"start":{"line":143,"column":24},"end":{"line":143,"column":null}},"38":{"start":{"line":144,"column":4},"end":{"line":149,"column":null}},"39":{"start":{"line":145,"column":6},"end":{"line":147,"column":null}},"40":{"start":{"line":153,"column":4},"end":{"line":160,"column":null}},"41":{"start":{"line":154,"column":6},"end":{"line":154,"column":null}},"42":{"start":{"line":156,"column":6},"end":{"line":158,"column":null}},"43":{"start":{"line":163,"column":22},"end":{"line":163,"column":36}},"44":{"start":{"line":164,"column":27},"end":{"line":164,"column":null}},"45":{"start":{"line":165,"column":4},"end":{"line":170,"column":null}},"46":{"start":{"line":166,"column":6},"end":{"line":168,"column":null}},"47":{"start":{"line":173,"column":23},"end":{"line":173,"column":null}},"48":{"start":{"line":174,"column":4},"end":{"line":179,"column":null}},"49":{"start":{"line":175,"column":6},"end":{"line":177,"column":null}},"50":{"start":{"line":182,"column":23},"end":{"line":185,"column":null}},"51":{"start":{"line":188,"column":24},"end":{"line":188,"column":60}},"52":{"start":{"line":189,"column":24},"end":{"line":189,"column":65}},"53":{"start":{"line":191,"column":4},"end":{"line":197,"column":null}},"54":{"start":{"line":192,"column":6},"end":{"line":192,"column":null}},"55":{"start":{"line":193,"column":6},"end":{"line":195,"column":null}},"56":{"start":{"line":199,"column":21},"end":{"line":199,"column":null}},"57":{"start":{"line":202,"column":28},"end":{"line":205,"column":null}},"58":{"start":{"line":207,"column":4},"end":{"line":219,"column":null}},"59":{"start":{"line":209,"column":6},"end":{"line":213,"column":null}},"60":{"start":{"line":215,"column":6},"end":{"line":217,"column":null}},"61":{"start":{"line":221,"column":4},"end":{"line":227,"column":null}},"62":{"start":{"line":222,"column":6},"end":{"line":222,"column":null}},"63":{"start":{"line":223,"column":6},"end":{"line":225,"column":null}},"64":{"start":{"line":229,"column":4},"end":{"line":229,"column":null}},"65":{"start":{"line":230,"column":4},"end":{"line":232,"column":null}},"66":{"start":{"line":236,"column":4},"end":{"line":236,"column":null}},"67":{"start":{"line":237,"column":4},"end":{"line":239,"column":null}}},"fnMap":{"0":{"name":"validateField","decl":{"start":{"line":53,"column":9},"end":{"line":53,"column":23}},"loc":{"start":{"line":53,"column":46},"end":{"line":80,"column":null}}},"1":{"name":"validateFormData","decl":{"start":{"line":86,"column":9},"end":{"line":86,"column":26}},"loc":{"start":{"line":86,"column":30},"end":{"line":116,"column":null}}},"2":{"name":"(anonymous_3)","decl":{"start":{"line":101,"column":43},"end":{"line":101,"column":44}},"loc":{"start":{"line":101,"column":62},"end":{"line":109,"column":null}}},"3":{"name":"POST","decl":{"start":{"line":118,"column":22},"end":{"line":118,"column":27}},"loc":{"start":{"line":118,"column":34},"end":{"line":242,"column":null}}}},"branchMap":{"0":{"loc":{"start":{"line":54,"column":2},"end":{"line":59,"column":null}},"type":"if","locations":[{"start":{"line":54,"column":2},"end":{"line":59,"column":null}},{"start":{},"end":{}}]},"1":{"loc":{"start":{"line":55,"column":4},"end":{"line":57,"column":null}},"type":"if","locations":[{"start":{"line":55,"column":4},"end":{"line":57,"column":null}},{"start":{},"end":{}}]},"2":{"loc":{"start":{"line":63,"column":2},"end":{"line":65,"column":null}},"type":"if","locations":[{"start":{"line":63,"column":2},"end":{"line":65,"column":null}},{"start":{},"end":{}}]},"3":{"loc":{"start":{"line":63,"column":6},"end":{"line":63,"column":62}},"type":"binary-expr","locations":[{"start":{"line":63,"column":6},"end":{"line":63,"column":21}},{"start":{"line":63,"column":25},"end":{"line":63,"column":62}}]},"4":{"loc":{"start":{"line":64,"column":11},"end":{"line":64,"column":57}},"type":"binary-expr","locations":[{"start":{"line":64,"column":11},"end":{"line":64,"column":24}},{"start":{"line":64,"column":28},"end":{"line":64,"column":57}}]},"5":{"loc":{"start":{"line":67,"column":2},"end":{"line":69,"column":null}},"type":"if","locations":[{"start":{"line":67,"column":2},"end":{"line":69,"column":null}},{"start":{},"end":{}}]},"6":{"loc":{"start":{"line":67,"column":6},"end":{"line":67,"column":62}},"type":"binary-expr","locations":[{"start":{"line":67,"column":6},"end":{"line":67,"column":21}},{"start":{"line":67,"column":25},"end":{"line":67,"column":62}}]},"7":{"loc":{"start":{"line":68,"column":11},"end":{"line":68,"column":56}},"type":"binary-expr","locations":[{"start":{"line":68,"column":11},"end":{"line":68,"column":24}},{"start":{"line":68,"column":28},"end":{"line":68,"column":56}}]},"8":{"loc":{"start":{"line":71,"column":2},"end":{"line":73,"column":null}},"type":"if","locations":[{"start":{"line":71,"column":2},"end":{"line":73,"column":null}},{"start":{},"end":{}}]},"9":{"loc":{"start":{"line":71,"column":6},"end":{"line":71,"column":58}},"type":"binary-expr","locations":[{"start":{"line":71,"column":6},"end":{"line":71,"column":19}},{"start":{"line":71,"column":23},"end":{"line":71,"column":58}}]},"10":{"loc":{"start":{"line":72,"column":11},"end":{"line":72,"column":76}},"type":"binary-expr","locations":[{"start":{"line":72,"column":11},"end":{"line":72,"column":24}},{"start":{"line":72,"column":28},"end":{"line":72,"column":76}}]},"11":{"loc":{"start":{"line":75,"column":2},"end":{"line":77,"column":null}},"type":"if","locations":[{"start":{"line":75,"column":2},"end":{"line":77,"column":null}},{"start":{},"end":{}}]},"12":{"loc":{"start":{"line":75,"column":6},"end":{"line":75,"column":74}},"type":"binary-expr","locations":[{"start":{"line":75,"column":6},"end":{"line":75,"column":25}},{"start":{"line":75,"column":29},"end":{"line":75,"column":74}}]},"13":{"loc":{"start":{"line":76,"column":11},"end":{"line":76,"column":64}},"type":"binary-expr","locations":[{"start":{"line":76,"column":11},"end":{"line":76,"column":24}},{"start":{"line":76,"column":28},"end":{"line":76,"column":64}}]},"14":{"loc":{"start":{"line":92,"column":15},"end":{"line":92,"column":42}},"type":"binary-expr","locations":[{"start":{"line":92,"column":15},"end":{"line":92,"column":29}},{"start":{"line":92,"column":33},"end":{"line":92,"column":42}}]},"15":{"loc":{"start":{"line":96,"column":17},"end":{"line":96,"column":49}},"type":"binary-expr","locations":[{"start":{"line":96,"column":17},"end":{"line":96,"column":33}},{"start":{"line":96,"column":37},"end":{"line":96,"column":49}}]},"16":{"loc":{"start":{"line":97,"column":18},"end":{"line":97,"column":48}},"type":"binary-expr","locations":[{"start":{"line":97,"column":18},"end":{"line":97,"column":35}},{"start":{"line":97,"column":39},"end":{"line":97,"column":48}}]},"17":{"loc":{"start":{"line":103,"column":4},"end":{"line":108,"column":null}},"type":"if","locations":[{"start":{"line":103,"column":4},"end":{"line":108,"column":null}},{"start":{"line":105,"column":11},"end":{"line":108,"column":null}}]},"18":{"loc":{"start":{"line":124,"column":4},"end":{"line":139,"column":null}},"type":"if","locations":[{"start":{"line":124,"column":4},"end":{"line":139,"column":null}},{"start":{},"end":{}}]},"19":{"loc":{"start":{"line":144,"column":4},"end":{"line":149,"column":null}},"type":"if","locations":[{"start":{"line":144,"column":4},"end":{"line":149,"column":null}},{"start":{},"end":{}}]},"20":{"loc":{"start":{"line":165,"column":4},"end":{"line":170,"column":null}},"type":"if","locations":[{"start":{"line":165,"column":4},"end":{"line":170,"column":null}},{"start":{},"end":{}}]},"21":{"loc":{"start":{"line":174,"column":4},"end":{"line":179,"column":null}},"type":"if","locations":[{"start":{"line":174,"column":4},"end":{"line":179,"column":null}},{"start":{},"end":{}}]},"22":{"loc":{"start":{"line":191,"column":4},"end":{"line":197,"column":null}},"type":"if","locations":[{"start":{"line":191,"column":4},"end":{"line":197,"column":null}},{"start":{},"end":{}}]},"23":{"loc":{"start":{"line":191,"column":8},"end":{"line":191,"column":38}},"type":"binary-expr","locations":[{"start":{"line":191,"column":8},"end":{"line":191,"column":24}},{"start":{"line":191,"column":24},"end":{"line":191,"column":38}}]},"24":{"loc":{"start":{"line":207,"column":4},"end":{"line":219,"column":null}},"type":"if","locations":[{"start":{"line":207,"column":4},"end":{"line":219,"column":null}},{"start":{},"end":{}}]},"25":{"loc":{"start":{"line":221,"column":4},"end":{"line":227,"column":null}},"type":"if","locations":[{"start":{"line":221,"column":4},"end":{"line":227,"column":null}},{"start":{},"end":{}}]},"26":{"loc":{"start":{"line":221,"column":8},"end":{"line":221,"column":36}},"type":"binary-expr","locations":[{"start":{"line":221,"column":8},"end":{"line":221,"column":17}},{"start":{"line":221,"column":17},"end":{"line":221,"column":36}}]}},"s":{"0":0,"1":0,"2":0,"3":0,"4":0,"5":0,"6":0,"7":0,"8":0,"9":0,"10":0,"11":0,"12":0,"13":0,"14":0,"15":0,"16":0,"17":0,"18":0,"19":0,"20":0,"21":0,"22":0,"23":0,"24":0,"25":0,"26":0,"27":0,"28":0,"29":0,"30":0,"31":0,"32":0,"33":0,"34":0,"35":0,"36":0,"37":0,"38":0,"39":0,"40":0,"41":0,"42":0,"43":0,"44":0,"45":0,"46":0,"47":0,"48":0,"49":0,"50":0,"51":0,"52":0,"53":0,"54":0,"55":0,"56":0,"57":0,"58":0,"59":0,"60":0,"61":0,"62":0,"63":0,"64":0,"65":0,"66":0,"67":0},"f":{"0":0,"1":0,"2":0,"3":0},"b":{"0":[0,0],"1":[0,0],"2":[0,0],"3":[0,0],"4":[0,0],"5":[0,0],"6":[0,0],"7":[0,0],"8":[0,0],"9":[0,0],"10":[0,0],"11":[0,0],"12":[0,0],"13":[0,0],"14":[0,0],"15":[0,0],"16":[0,0],"17":[0,0],"18":[0,0],"19":[0,0],"20":[0,0],"21":[0,0],"22":[0,0],"23":[0,0],"24":[0,0],"25":[0,0],"26":[0,0]}}
,"D:\\Chiussi Services\\chiussi-services\\app\\mentions\\page.js": {"path":"D:\\Chiussi Services\\chiussi-services\\app\\mentions\\page.js","statementMap":{"0":{"start":{"line":6,"column":24},"end":{"line":6,"column":null}},"1":{"start":{"line":2,"column":25},"end":{"line":2,"column":null}},"2":{"start":{"line":3,"column":17},"end":{"line":3,"column":null}},"3":{"start":{"line":4,"column":39},"end":{"line":4,"column":null}},"4":{"start":{"line":7,"column":34},"end":{"line":7,"column":null}},"5":{"start":{"line":11,"column":29},"end":{"line":11,"column":53}}},"fnMap":{"0":{"name":"LegalPage","decl":{"start":{"line":6,"column":24},"end":{"line":6,"column":null}},"loc":{"start":{"line":6,"column":24},"end":{"line":52,"column":null}}},"1":{"name":"(anonymous_3)","decl":{"start":{"line":11,"column":23},"end":{"line":11,"column":29}},"loc":{"start":{"line":11,"column":29},"end":{"line":11,"column":53}}}},"branchMap":{"0":{"loc":{"start":{"line":10,"column":67},"end":{"line":10,"column":135}},"type":"cond-expr","locations":[{"start":{"line":10,"column":78},"end":{"line":10,"column":106}},{"start":{"line":10,"column":106},"end":{"line":10,"column":135}}]},"1":{"loc":{"start":{"line":12,"column":9},"end":{"line":12,"column":null}},"type":"cond-expr","locations":[{"start":{"line":12,"column":20},"end":{"line":12,"column":30}},{"start":{"line":12,"column":30},"end":{"line":12,"column":null}}]},"2":{"loc":{"start":{"line":24,"column":65},"end":{"line":24,"column":111}},"type":"cond-expr","locations":[{"start":{"line":24,"column":76},"end":{"line":24,"column":94}},{"start":{"line":24,"column":94},"end":{"line":24,"column":111}}]},"3":{"loc":{"start":{"line":26,"column":71},"end":{"line":26,"column":115}},"type":"cond-expr","locations":[{"start":{"line":26,"column":82},"end":{"line":26,"column":97}},{"start":{"line":26,"column":97},"end":{"line":26,"column":115}}]},"4":{"loc":{"start":{"line":34,"column":71},"end":{"line":34,"column":115}},"type":"cond-expr","locations":[{"start":{"line":34,"column":82},"end":{"line":34,"column":97}},{"start":{"line":34,"column":97},"end":{"line":34,"column":115}}]},"5":{"loc":{"start":{"line":39,"column":71},"end":{"line":39,"column":115}},"type":"cond-expr","locations":[{"start":{"line":39,"column":82},"end":{"line":39,"column":97}},{"start":{"line":39,"column":97},"end":{"line":39,"column":115}}]},"6":{"loc":{"start":{"line":45,"column":71},"end":{"line":45,"column":115}},"type":"cond-expr","locations":[{"start":{"line":45,"column":82},"end":{"line":45,"column":97}},{"start":{"line":45,"column":97},"end":{"line":45,"column":115}}]}},"s":{"0":0,"1":0,"2":0,"3":0,"4":0,"5":0},"f":{"0":0,"1":0},"b":{"0":[0,0],"1":[0,0],"2":[0,0],"3":[0,0],"4":[0,0],"5":[0,0],"6":[0,0]}}
,"D:\\Chiussi Services\\chiussi-services\\app\\tickets\\page.js": {"path":"D:\\Chiussi Services\\chiussi-services\\app\\tickets\\page.js","statementMap":{"0":{"start":{"line":9,"column":24},"end":{"line":9,"column":null}},"1":{"start":{"line":2,"column":36},"end":{"line":2,"column":null}},"2":{"start":{"line":3,"column":17},"end":{"line":3,"column":null}},"3":{"start":{"line":7,"column":7},"end":{"line":7,"column":null}},"4":{"start":{"line":10,"column":34},"end":{"line":10,"column":null}},"5":{"start":{"line":11,"column":32},"end":{"line":11,"column":null}},"6":{"start":{"line":12,"column":32},"end":{"line":12,"column":null}},"7":{"start":{"line":13,"column":36},"end":{"line":13,"column":null}},"8":{"start":{"line":14,"column":30},"end":{"line":14,"column":null}},"9":{"start":{"line":15,"column":28},"end":{"line":15,"column":null}},"10":{"start":{"line":16,"column":36},"end":{"line":16,"column":null}},"11":{"start":{"line":17,"column":40},"end":{"line":17,"column":null}},"12":{"start":{"line":20,"column":34},"end":{"line":26,"column":null}},"13":{"start":{"line":29,"column":25},"end":{"line":40,"column":null}},"14":{"start":{"line":30,"column":4},"end":{"line":39,"column":null}},"15":{"start":{"line":31,"column":23},"end":{"line":31,"column":null}},"16":{"start":{"line":32,"column":19},"end":{"line":32,"column":null}},"17":{"start":{"line":33,"column":6},"end":{"line":35,"column":null}},"18":{"start":{"line":34,"column":8},"end":{"line":34,"column":null}},"19":{"start":{"line":37,"column":6},"end":{"line":37,"column":null}},"20":{"start":{"line":38,"column":6},"end":{"line":38,"column":null}},"21":{"start":{"line":43,"column":2},"end":{"line":55,"column":null}},"22":{"start":{"line":45,"column":26},"end":{"line":45,"column":null}},"23":{"start":{"line":46,"column":4},"end":{"line":48,"column":null}},"24":{"start":{"line":47,"column":6},"end":{"line":47,"column":null}},"25":{"start":{"line":51,"column":4},"end":{"line":51,"column":null}},"26":{"start":{"line":54,"column":4},"end":{"line":54,"column":null}},"27":{"start":{"line":58,"column":2},"end":{"line":62,"column":null}},"28":{"start":{"line":59,"column":4},"end":{"line":61,"column":null}},"29":{"start":{"line":60,"column":6},"end":{"line":60,"column":null}},"30":{"start":{"line":63,"column":24},"end":{"line":102,"column":null}},"31":{"start":{"line":64,"column":20},"end":{"line":64,"column":null}},"32":{"start":{"line":66,"column":4},"end":{"line":99,"column":null}},"33":{"start":{"line":68,"column":8},"end":{"line":68,"column":null}},"34":{"start":{"line":68,"column":22},"end":{"line":68,"column":null}},"35":{"start":{"line":69,"column":8},"end":{"line":69,"column":null}},"36":{"start":{"line":69,"column":32},"end":{"line":69,"column":null}},"37":{"start":{"line":70,"column":8},"end":{"line":70,"column":null}},"38":{"start":{"line":70,"column":34},"end":{"line":70,"column":null}},"39":{"start":{"line":71,"column":8},"end":{"line":71,"column":null}},"40":{"start":{"line":71,"column":49},"end":{"line":71,"column":null}},"41":{"start":{"line":72,"column":8},"end":{"line":72,"column":null}},"42":{"start":{"line":75,"column":8},"end":{"line":75,"column":null}},"43":{"start":{"line":75,"column":22},"end":{"line":75,"column":null}},"44":{"start":{"line":76,"column":8},"end":{"line":76,"column":null}},"45":{"start":{"line":76,"column":57},"end":{"line":76,"column":null}},"46":{"start":{"line":77,"column":8},"end":{"line":77,"column":null}},"47":{"start":{"line":77,"column":34},"end":{"line":77,"column":null}},"48":{"start":{"line":78,"column":8},"end":{"line":78,"column":null}},"49":{"start":{"line":81,"column":8},"end":{"line":81,"column":null}},"50":{"start":{"line":81,"column":22},"end":{"line":81,"column":null}},"51":{"start":{"line":82,"column":8},"end":{"line":82,"column":null}},"52":{"start":{"line":82,"column":48},"end":{"line":82,"column":null}},"53":{"start":{"line":83,"column":8},"end":{"line":83,"column":null}},"54":{"start":{"line":83,"column":51},"end":{"line":83,"column":null}},"55":{"start":{"line":84,"column":8},"end":{"line":84,"column":null}},"56":{"start":{"line":84,"column":33},"end":{"line":84,"column":null}},"57":{"start":{"line":85,"column":8},"end":{"line":85,"column":null}},"58":{"start":{"line":88,"column":8},"end":{"line":88,"column":null}},"59":{"start":{"line":88,"column":22},"end":{"line":88,"column":null}},"60":{"start":{"line":89,"column":8},"end":{"line":89,"column":null}},"61":{"start":{"line":89,"column":32},"end":{"line":89,"column":null}},"62":{"start":{"line":90,"column":8},"end":{"line":90,"column":null}},"63":{"start":{"line":90,"column":34},"end":{"line":90,"column":null}},"64":{"start":{"line":91,"column":8},"end":{"line":91,"column":null}},"65":{"start":{"line":91,"column":49},"end":{"line":91,"column":null}},"66":{"start":{"line":92,"column":8},"end":{"line":92,"column":null}},"67":{"start":{"line":95,"column":8},"end":{"line":95,"column":null}},"68":{"start":{"line":95,"column":22},"end":{"line":95,"column":null}},"69":{"start":{"line":96,"column":8},"end":{"line":96,"column":null}},"70":{"start":{"line":96,"column":33},"end":{"line":96,"column":null}},"71":{"start":{"line":97,"column":8},"end":{"line":97,"column":null}},"72":{"start":{"line":97,"column":35},"end":{"line":97,"column":null}},"73":{"start":{"line":98,"column":8},"end":{"line":98,"column":null}},"74":{"start":{"line":101,"column":4},"end":{"line":101,"column":null}},"75":{"start":{"line":107,"column":24},"end":{"line":116,"column":null}},"76":{"start":{"line":108,"column":18},"end":{"line":108,"column":null}},"77":{"start":{"line":109,"column":4},"end":{"line":115,"column":null}},"78":{"start":{"line":110,"column":6},"end":{"line":110,"column":null}},"79":{"start":{"line":112,"column":24},"end":{"line":112,"column":null}},"80":{"start":{"line":113,"column":6},"end":{"line":113,"column":null}},"81":{"start":{"line":114,"column":6},"end":{"line":114,"column":null}},"82":{"start":{"line":118,"column":21},"end":{"line":118,"column":null}},"83":{"start":{"line":118,"column":27},"end":{"line":118,"column":null}},"84":{"start":{"line":120,"column":23},"end":{"line":125,"column":null}},"85":{"start":{"line":121,"column":28},"end":{"line":121,"column":36}},"86":{"start":{"line":122,"column":4},"end":{"line":122,"column":null}},"87":{"start":{"line":124,"column":4},"end":{"line":124,"column":null}},"88":{"start":{"line":127,"column":23},"end":{"line":197,"column":null}},"89":{"start":{"line":128,"column":4},"end":{"line":128,"column":null}},"90":{"start":{"line":131,"column":29},"end":{"line":131,"column":null}},"91":{"start":{"line":132,"column":19},"end":{"line":132,"column":null}},"92":{"start":{"line":134,"column":4},"end":{"line":139,"column":null}},"93":{"start":{"line":135,"column":20},"end":{"line":135,"column":null}},"94":{"start":{"line":136,"column":6},"end":{"line":138,"column":null}},"95":{"start":{"line":137,"column":8},"end":{"line":137,"column":null}},"96":{"start":{"line":142,"column":4},"end":{"line":142,"column":null}},"97":{"start":{"line":145,"column":4},"end":{"line":148,"column":null}},"98":{"start":{"line":146,"column":6},"end":{"line":146,"column":null}},"99":{"start":{"line":147,"column":6},"end":{"line":147,"column":null}},"100":{"start":{"line":151,"column":4},"end":{"line":154,"column":null}},"101":{"start":{"line":152,"column":6},"end":{"line":152,"column":null}},"102":{"start":{"line":153,"column":6},"end":{"line":153,"column":null}},"103":{"start":{"line":156,"column":4},"end":{"line":156,"column":null}},"104":{"start":{"line":157,"column":4},"end":{"line":157,"column":null}},"105":{"start":{"line":159,"column":4},"end":{"line":196,"column":null}},"106":{"start":{"line":161,"column":23},"end":{"line":173,"column":null}},"107":{"start":{"line":175,"column":21},"end":{"line":175,"column":null}},"108":{"start":{"line":177,"column":6},"end":{"line":187,"column":null}},"109":{"start":{"line":179,"column":8},"end":{"line":185,"column":null}},"110":{"start":{"line":181,"column":32},"end":{"line":181,"column":null}},"111":{"start":{"line":182,"column":10},"end":{"line":182,"column":null}},"112":{"start":{"line":184,"column":10},"end":{"line":184,"column":null}},"113":{"start":{"line":186,"column":8},"end":{"line":186,"column":null}},"114":{"start":{"line":190,"column":6},"end":{"line":190,"column":null}},"115":{"start":{"line":192,"column":6},"end":{"line":192,"column":null}},"116":{"start":{"line":193,"column":6},"end":{"line":193,"column":null}},"117":{"start":{"line":195,"column":6},"end":{"line":195,"column":null}},"118":{"start":{"line":199,"column":2},"end":{"line":212,"column":null}},"119":{"start":{"line":252,"column":16},"end":{"line":253,"column":null}},"120":{"start":{"line":255,"column":33},"end":{"line":255,"column":null}}},"fnMap":{"0":{"name":"TicketsPage","decl":{"start":{"line":9,"column":24},"end":{"line":9,"column":null}},"loc":{"start":{"line":9,"column":24},"end":{"line":307,"column":null}}},"1":{"name":"(anonymous_3)","decl":{"start":{"line":29,"column":25},"end":{"line":29,"column":null}},"loc":{"start":{"line":29,"column":25},"end":{"line":40,"column":null}}},"2":{"name":"(anonymous_4)","decl":{"start":{"line":43,"column":12},"end":{"line":43,"column":null}},"loc":{"start":{"line":43,"column":12},"end":{"line":55,"column":5}}},"3":{"name":"(anonymous_5)","decl":{"start":{"line":58,"column":12},"end":{"line":58,"column":null}},"loc":{"start":{"line":58,"column":12},"end":{"line":62,"column":5}}},"4":{"name":"(anonymous_6)","decl":{"start":{"line":63,"column":24},"end":{"line":63,"column":25}},"loc":{"start":{"line":63,"column":31},"end":{"line":102,"column":null}}},"5":{"name":"(anonymous_7)","decl":{"start":{"line":107,"column":24},"end":{"line":107,"column":25}},"loc":{"start":{"line":107,"column":31},"end":{"line":116,"column":null}}},"6":{"name":"(anonymous_8)","decl":{"start":{"line":118,"column":21},"end":{"line":118,"column":27}},"loc":{"start":{"line":118,"column":27},"end":{"line":118,"column":null}}},"7":{"name":"(anonymous_9)","decl":{"start":{"line":120,"column":23},"end":{"line":120,"column":24}},"loc":{"start":{"line":120,"column":24},"end":{"line":125,"column":null}}},"8":{"name":"(anonymous_10)","decl":{"start":{"line":127,"column":23},"end":{"line":127,"column":30}},"loc":{"start":{"line":127,"column":30},"end":{"line":197,"column":null}}},"9":{"name":"(anonymous_11)","decl":{"start":{"line":134,"column":29},"end":{"line":134,"column":30}},"loc":{"start":{"line":134,"column":30},"end":{"line":139,"column":null}}},"10":{"name":"(anonymous_12)","decl":{"start":{"line":251,"column":20},"end":{"line":251,"column":21}},"loc":{"start":{"line":252,"column":16},"end":{"line":253,"column":null}}},"11":{"name":"(anonymous_13)","decl":{"start":{"line":255,"column":27},"end":{"line":255,"column":33}},"loc":{"start":{"line":255,"column":33},"end":{"line":255,"column":null}}},"12":{"name":"InputGroup","decl":{"start":{"line":309,"column":9},"end":{"line":309,"column":20}},"loc":{"start":{"line":309,"column":103},"end":{"line":327,"column":null}}}},"branchMap":{"0":{"loc":{"start":{"line":33,"column":6},"end":{"line":35,"column":null}},"type":"if","locations":[{"start":{"line":33,"column":6},"end":{"line":35,"column":null}},{"start":{},"end":{}}]},"1":{"loc":{"start":{"line":46,"column":4},"end":{"line":48,"column":null}},"type":"if","locations":[{"start":{"line":46,"column":4},"end":{"line":48,"column":null}},{"start":{},"end":{}}]},"2":{"loc":{"start":{"line":59,"column":4},"end":{"line":61,"column":null}},"type":"if","locations":[{"start":{"line":59,"column":4},"end":{"line":61,"column":null}},{"start":{},"end":{}}]},"3":{"loc":{"start":{"line":66,"column":4},"end":{"line":99,"column":null}},"type":"switch","locations":[{"start":{"line":67,"column":6},"end":{"line":72,"column":null}},{"start":{"line":74,"column":6},"end":{"line":78,"column":null}},{"start":{"line":80,"column":6},"end":{"line":85,"column":null}},{"start":{"line":87,"column":6},"end":{"line":92,"column":null}},{"start":{"line":94,"column":6},"end":{"line":98,"column":null}}]},"4":{"loc":{"start":{"line":68,"column":8},"end":{"line":68,"column":null}},"type":"if","locations":[{"start":{"line":68,"column":8},"end":{"line":68,"column":null}},{"start":{},"end":{}}]},"5":{"loc":{"start":{"line":69,"column":8},"end":{"line":69,"column":null}},"type":"if","locations":[{"start":{"line":69,"column":8},"end":{"line":69,"column":null}},{"start":{},"end":{}}]},"6":{"loc":{"start":{"line":70,"column":8},"end":{"line":70,"column":null}},"type":"if","locations":[{"start":{"line":70,"column":8},"end":{"line":70,"column":null}},{"start":{},"end":{}}]},"7":{"loc":{"start":{"line":71,"column":8},"end":{"line":71,"column":null}},"type":"if","locations":[{"start":{"line":71,"column":8},"end":{"line":71,"column":null}},{"start":{},"end":{}}]},"8":{"loc":{"start":{"line":75,"column":8},"end":{"line":75,"column":null}},"type":"if","locations":[{"start":{"line":75,"column":8},"end":{"line":75,"column":null}},{"start":{},"end":{}}]},"9":{"loc":{"start":{"line":76,"column":8},"end":{"line":76,"column":null}},"type":"if","locations":[{"start":{"line":76,"column":8},"end":{"line":76,"column":null}},{"start":{},"end":{}}]},"10":{"loc":{"start":{"line":77,"column":8},"end":{"line":77,"column":null}},"type":"if","locations":[{"start":{"line":77,"column":8},"end":{"line":77,"column":null}},{"start":{},"end":{}}]},"11":{"loc":{"start":{"line":81,"column":8},"end":{"line":81,"column":null}},"type":"if","locations":[{"start":{"line":81,"column":8},"end":{"line":81,"column":null}},{"start":{},"end":{}}]},"12":{"loc":{"start":{"line":82,"column":8},"end":{"line":82,"column":null}},"type":"if","locations":[{"start":{"line":82,"column":8},"end":{"line":82,"column":null}},{"start":{},"end":{}}]},"13":{"loc":{"start":{"line":83,"column":8},"end":{"line":83,"column":null}},"type":"if","locations":[{"start":{"line":83,"column":8},"end":{"line":83,"column":null}},{"start":{},"end":{}}]},"14":{"loc":{"start":{"line":84,"column":8},"end":{"line":84,"column":null}},"type":"if","locations":[{"start":{"line":84,"column":8},"end":{"line":84,"column":null}},{"start":{},"end":{}}]},"15":{"loc":{"start":{"line":88,"column":8},"end":{"line":88,"column":null}},"type":"if","locations":[{"start":{"line":88,"column":8},"end":{"line":88,"column":null}},{"start":{},"end":{}}]},"16":{"loc":{"start":{"line":89,"column":8},"end":{"line":89,"column":null}},"type":"if","locations":[{"start":{"line":89,"column":8},"end":{"line":89,"column":null}},{"start":{},"end":{}}]},"17":{"loc":{"start":{"line":90,"column":8},"end":{"line":90,"column":null}},"type":"if","locations":[{"start":{"line":90,"column":8},"end":{"line":90,"column":null}},{"start":{},"end":{}}]},"18":{"loc":{"start":{"line":91,"column":8},"end":{"line":91,"column":null}},"type":"if","locations":[{"start":{"line":91,"column":8},"end":{"line":91,"column":null}},{"start":{},"end":{}}]},"19":{"loc":{"start":{"line":95,"column":8},"end":{"line":95,"column":null}},"type":"if","locations":[{"start":{"line":95,"column":8},"end":{"line":95,"column":null}},{"start":{},"end":{}}]},"20":{"loc":{"start":{"line":96,"column":8},"end":{"line":96,"column":null}},"type":"if","locations":[{"start":{"line":96,"column":8},"end":{"line":96,"column":null}},{"start":{},"end":{}}]},"21":{"loc":{"start":{"line":97,"column":8},"end":{"line":97,"column":null}},"type":"if","locations":[{"start":{"line":97,"column":8},"end":{"line":97,"column":null}},{"start":{},"end":{}}]},"22":{"loc":{"start":{"line":109,"column":4},"end":{"line":115,"column":null}},"type":"if","locations":[{"start":{"line":109,"column":4},"end":{"line":115,"column":null}},{"start":{"line":111,"column":11},"end":{"line":115,"column":null}}]},"23":{"loc":{"start":{"line":136,"column":6},"end":{"line":138,"column":null}},"type":"if","locations":[{"start":{"line":136,"column":6},"end":{"line":138,"column":null}},{"start":{},"end":{}}]},"24":{"loc":{"start":{"line":145,"column":4},"end":{"line":148,"column":null}},"type":"if","locations":[{"start":{"line":145,"column":4},"end":{"line":148,"column":null}},{"start":{},"end":{}}]},"25":{"loc":{"start":{"line":151,"column":4},"end":{"line":154,"column":null}},"type":"if","locations":[{"start":{"line":151,"column":4},"end":{"line":154,"column":null}},{"start":{},"end":{}}]},"26":{"loc":{"start":{"line":177,"column":6},"end":{"line":187,"column":null}},"type":"if","locations":[{"start":{"line":177,"column":6},"end":{"line":187,"column":null}},{"start":{},"end":{}}]},"27":{"loc":{"start":{"line":179,"column":8},"end":{"line":185,"column":null}},"type":"if","locations":[{"start":{"line":179,"column":8},"end":{"line":185,"column":null}},{"start":{"line":183,"column":15},"end":{"line":185,"column":null}}]},"28":{"loc":{"start":{"line":184,"column":19},"end":{"line":184,"column":null}},"type":"binary-expr","locations":[{"start":{"line":184,"column":19},"end":{"line":184,"column":31}},{"start":{"line":184,"column":35},"end":{"line":184,"column":null}}]},"29":{"loc":{"start":{"line":199,"column":2},"end":{"line":212,"column":null}},"type":"if","locations":[{"start":{"line":199,"column":2},"end":{"line":212,"column":null}},{"start":{},"end":{}}]},"30":{"loc":{"start":{"line":201,"column":102},"end":{"line":201,"column":170}},"type":"cond-expr","locations":[{"start":{"line":201,"column":113},"end":{"line":201,"column":141}},{"start":{"line":201,"column":141},"end":{"line":201,"column":170}}]},"31":{"loc":{"start":{"line":215,"column":67},"end":{"line":215,"column":135}},"type":"cond-expr","locations":[{"start":{"line":215,"column":78},"end":{"line":215,"column":106}},{"start":{"line":215,"column":106},"end":{"line":215,"column":135}}]},"32":{"loc":{"start":{"line":219,"column":20},"end":{"line":219,"column":51}},"type":"cond-expr","locations":[{"start":{"line":219,"column":20},"end":{"line":219,"column":51}}]},"33":{"loc":{"start":{"line":223,"column":53},"end":{"line":223,"column":96}},"type":"cond-expr","locations":[{"start":{"line":223,"column":64},"end":{"line":223,"column":80}},{"start":{"line":223,"column":80},"end":{"line":223,"column":96}}]},"34":{"loc":{"start":{"line":236,"column":46},"end":{"line":236,"column":92}},"type":"cond-expr","locations":[{"start":{"line":236,"column":57},"end":{"line":236,"column":75}},{"start":{"line":236,"column":75},"end":{"line":236,"column":92}}]},"35":{"loc":{"start":{"line":242,"column":89},"end":{"line":242,"column":159}},"type":"cond-expr","locations":[{"start":{"line":242,"column":100},"end":{"line":242,"column":131}},{"start":{"line":242,"column":131},"end":{"line":242,"column":159}}]},"36":{"loc":{"start":{"line":256,"column":147},"end":{"line":256,"column":282}},"type":"cond-expr","locations":[{"start":{"line":256,"column":166},"end":{"line":256,"column":218}},{"start":{"line":256,"column":218},"end":{"line":256,"column":282}}]},"37":{"loc":{"start":{"line":284,"column":119},"end":{"line":284,"column":257}},"type":"cond-expr","locations":[{"start":{"line":284,"column":145},"end":{"line":284,"column":183}},{"start":{"line":284,"column":183},"end":{"line":284,"column":257}}]},"38":{"loc":{"start":{"line":284,"column":207},"end":{"line":284,"column":257}},"type":"cond-expr","locations":[{"start":{"line":284,"column":218},"end":{"line":284,"column":238}},{"start":{"line":284,"column":238},"end":{"line":284,"column":257}}]},"39":{"loc":{"start":{"line":284,"column":261},"end":{"line":284,"column":380}},"type":"cond-expr","locations":[{"start":{"line":284,"column":272},"end":{"line":284,"column":325}},{"start":{"line":284,"column":325},"end":{"line":284,"column":380}}]},"40":{"loc":{"start":{"line":287,"column":15},"end":{"line":287,"column":38}},"type":"binary-expr","locations":[{"start":{"line":287,"column":15},"end":{"line":287,"column":38}}]},"41":{"loc":{"start":{"line":290,"column":13},"end":{"line":290,"column":null}},"type":"binary-expr","locations":[{"start":{"line":290,"column":13},"end":{"line":290,"column":null}}]},"42":{"loc":{"start":{"line":300,"column":15},"end":{"line":300,"column":70}},"type":"cond-expr","locations":[{"start":{"line":300,"column":27},"end":{"line":300,"column":49}},{"start":{"line":300,"column":49},"end":{"line":300,"column":70}}]},"43":{"loc":{"start":{"line":309,"column":71},"end":{"line":309,"column":84}},"type":"default-arg","locations":[{"start":{"line":309,"column":78},"end":{"line":309,"column":84}}]},"44":{"loc":{"start":{"line":322,"column":109},"end":{"line":322,"column":229}},"type":"cond-expr","locations":[{"start":{"line":322,"column":117},"end":{"line":322,"column":155}},{"start":{"line":322,"column":155},"end":{"line":322,"column":229}}]},"45":{"loc":{"start":{"line":322,"column":179},"end":{"line":322,"column":229}},"type":"cond-expr","locations":[{"start":{"line":322,"column":190},"end":{"line":322,"column":210}},{"start":{"line":322,"column":210},"end":{"line":322,"column":229}}]},"46":{"loc":{"start":{"line":322,"column":233},"end":{"line":322,"column":352}},"type":"cond-expr","locations":[{"start":{"line":322,"column":244},"end":{"line":322,"column":297}},{"start":{"line":322,"column":297},"end":{"line":322,"column":352}}]},"47":{"loc":{"start":{"line":324,"column":7},"end":{"line":324,"column":16}},"type":"binary-expr","locations":[{"start":{"line":324,"column":7},"end":{"line":324,"column":16}}]}},"s":{"0":0,"1":0,"2":0,"3":0,"4":0,"5":0,"6":0,"7":0,"8":0,"9":0,"10":0,"11":0,"12":0,"13":0,"14":0,"15":0,"16":0,"17":0,"18":0,"19":0,"20":0,"21":0,"22":0,"23":0,"24":0,"25":0,"26":0,"27":0,"28":0,"29":0,"30":0,"31":0,"32":0,"33":0,"34":0,"35":0,"36":0,"37":0,"38":0,"39":0,"40":0,"41":0,"42":0,"43":0,"44":0,"45":0,"46":0,"47":0,"48":0,"49":0,"50":0,"51":0,"52":0,"53":0,"54":0,"55":0,"56":0,"57":0,"58":0,"59":0,"60":0,"61":0,"62":0,"63":0,"64":0,"65":0,"66":0,"67":0,"68":0,"69":0,"70":0,"71":0,"72":0,"73":0,"74":0,"75":0,"76":0,"77":0,"78":0,"79":0,"80":0,"81":0,"82":0,"83":0,"84":0,"85":0,"86":0,"87":0,"88":0,"89":0,"90":0,"91":0,"92":0,"93":0,"94":0,"95":0,"96":0,"97":0,"98":0,"99":0,"100":0,"101":0,"102":0,"103":0,"104":0,"105":0,"106":0,"107":0,"108":0,"109":0,"110":0,"111":0,"112":0,"113":0,"114":0,"115":0,"116":0,"117":0,"118":0,"119":0,"120":0},"f":{"0":0,"1":0,"2":0,"3":0,"4":0,"5":0,"6":0,"7":0,"8":0,"9":0,"10":0,"11":0,"12":0},"b":{"0":[0,0],"1":[0,0],"2":[0,0],"3":[0,0,0,0,0],"4":[0,0],"5":[0,0],"6":[0,0],"7":[0,0],"8":[0,0],"9":[0,0],"10":[0,0],"11":[0,0],"12":[0,0],"13":[0,0],"14":[0,0],"15":[0,0],"16":[0,0],"17":[0,0],"18":[0,0],"19":[0,0],"20":[0,0],"21":[0,0],"22":[0,0],"23":[0,0],"24":[0,0],"25":[0,0],"26":[0,0],"27":[0,0],"28":[0,0],"29":[0,0],"30":[0,0],"31":[0,0],"32":[0],"33":[0,0],"34":[0,0],"35":[0,0],"36":[0,0],"37":[0,0],"38":[0,0],"39":[0,0],"40":[0],"41":[0],"42":[0,0],"43":[0],"44":[0,0],"45":[0,0],"46":[0,0],"47":[0]}}
,"D:\\Chiussi Services\\chiussi-services\\components\\AdminCalendar.tsx": {"path":"D:\\Chiussi Services\\chiussi-services\\components\\AdminCalendar.tsx","statementMap":{"0":{"start":{"line":11,"column":24},"end":{"line":11,"column":38}},"1":{"start":{"line":2,"column":51},"end":{"line":2,"column":null}},"2":{"start":{"line":3,"column":25},"end":{"line":3,"column":null}},"3":{"start":{"line":4,"column":26},"end":{"line":4,"column":null}},"4":{"start":{"line":5,"column":27},"end":{"line":5,"column":null}},"5":{"start":{"line":6,"column":45},"end":{"line":6,"column":null}},"6":{"start":{"line":7,"column":29},"end":{"line":7,"column":null}},"7":{"start":{"line":9,"column":51},"end":{"line":9,"column":null}},"8":{"start":{"line":12,"column":30},"end":{"line":12,"column":null}},"9":{"start":{"line":13,"column":22},"end":{"line":13,"column":null}},"10":{"start":{"line":15,"column":2},"end":{"line":53,"column":null}},"11":{"start":{"line":17,"column":21},"end":{"line":24,"column":null}},"12":{"start":{"line":28,"column":4},"end":{"line":30,"column":null}},"13":{"start":{"line":29,"column":6},"end":{"line":29,"column":null}},"14":{"start":{"line":32,"column":4},"end":{"line":32,"column":null}},"15":{"start":{"line":33,"column":4},"end":{"line":33,"column":null}},"16":{"start":{"line":35,"column":22},"end":{"line":35,"column":null}},"17":{"start":{"line":36,"column":4},"end":{"line":52,"column":null}},"18":{"start":{"line":37,"column":6},"end":{"line":51,"column":null}},"19":{"start":{"line":39,"column":33},"end":{"line":50,"column":null}},"20":{"start":{"line":56,"column":28},"end":{"line":56,"column":null}},"21":{"start":{"line":57,"column":4},"end":{"line":60,"column":null}},"22":{"start":{"line":58,"column":6},"end":{"line":58,"column":null}},"23":{"start":{"line":59,"column":6},"end":{"line":59,"column":null}},"24":{"start":{"line":62,"column":4},"end":{"line":82,"column":null}},"25":{"start":{"line":64,"column":19},"end":{"line":64,"column":null}},"26":{"start":{"line":65,"column":6},"end":{"line":81,"column":null}},"27":{"start":{"line":85,"column":27},"end":{"line":113,"column":null}},"28":{"start":{"line":86,"column":14},"end":{"line":86,"column":38}},"29":{"start":{"line":87,"column":16},"end":{"line":92,"column":48}},"30":{"start":{"line":94,"column":19},"end":{"line":94,"column":null}},"31":{"start":{"line":95,"column":4},"end":{"line":95,"column":null}},"32":{"start":{"line":95,"column":17},"end":{"line":95,"column":null}},"33":{"start":{"line":97,"column":4},"end":{"line":111,"column":null}},"34":{"start":{"line":98,"column":19},"end":{"line":98,"column":null}},"35":{"start":{"line":99,"column":6},"end":{"line":99,"column":null}},"36":{"start":{"line":100,"column":11},"end":{"line":111,"column":null}},"37":{"start":{"line":101,"column":6},"end":{"line":103,"column":null}},"38":{"start":{"line":102,"column":8},"end":{"line":102,"column":null}},"39":{"start":{"line":104,"column":11},"end":{"line":111,"column":null}},"40":{"start":{"line":105,"column":19},"end":{"line":105,"column":null}},"41":{"start":{"line":106,"column":6},"end":{"line":110,"column":null}},"42":{"start":{"line":108,"column":8},"end":{"line":108,"column":null}},"43":{"start":{"line":109,"column":8},"end":{"line":109,"column":null}},"44":{"start":{"line":109,"column":24},"end":{"line":109,"column":null}},"45":{"start":{"line":112,"column":4},"end":{"line":112,"column":null}},"46":{"start":{"line":115,"column":29},"end":{"line":133,"column":null}},"47":{"start":{"line":116,"column":14},"end":{"line":116,"column":43}},"48":{"start":{"line":117,"column":19},"end":{"line":117,"column":null}},"49":{"start":{"line":135,"column":21},"end":{"line":154,"column":null}},"50":{"start":{"line":136,"column":15},"end":{"line":136,"column":29}},"51":{"start":{"line":137,"column":22},"end":{"line":148,"column":null}},"52":{"start":{"line":149,"column":4},"end":{"line":153,"column":null}},"53":{"start":{"line":150,"column":6},"end":{"line":150,"column":null}},"54":{"start":{"line":151,"column":6},"end":{"line":151,"column":null}},"55":{"start":{"line":152,"column":6},"end":{"line":152,"column":null}},"56":{"start":{"line":156,"column":26},"end":{"line":161,"column":null}},"57":{"start":{"line":157,"column":4},"end":{"line":160,"column":null}}},"fnMap":{"0":{"name":"AdminCalendar","decl":{"start":{"line":11,"column":24},"end":{"line":11,"column":38}},"loc":{"start":{"line":11,"column":78},"end":{"line":187,"column":null}}},"1":{"name":"(anonymous_6)","decl":{"start":{"line":15,"column":12},"end":{"line":15,"column":null}},"loc":{"start":{"line":15,"column":12},"end":{"line":53,"column":5}}},"2":{"name":"(anonymous_7)","decl":{"start":{"line":39,"column":19},"end":{"line":39,"column":20}},"loc":{"start":{"line":39,"column":33},"end":{"line":50,"column":null}}},"3":{"name":"fetchEvents","decl":{"start":{"line":55,"column":17},"end":{"line":55,"column":29}},"loc":{"start":{"line":55,"column":42},"end":{"line":83,"column":null}}},"4":{"name":"(anonymous_9)","decl":{"start":{"line":62,"column":23},"end":{"line":62,"column":24}},"loc":{"start":{"line":62,"column":24},"end":{"line":82,"column":null}}},"5":{"name":"(anonymous_10)","decl":{"start":{"line":85,"column":27},"end":{"line":85,"column":34}},"loc":{"start":{"line":85,"column":34},"end":{"line":113,"column":null}}},"6":{"name":"(anonymous_11)","decl":{"start":{"line":115,"column":29},"end":{"line":115,"column":30}},"loc":{"start":{"line":115,"column":30},"end":{"line":133,"column":null}}},"7":{"name":"(anonymous_12)","decl":{"start":{"line":135,"column":21},"end":{"line":135,"column":28}},"loc":{"start":{"line":135,"column":28},"end":{"line":154,"column":null}}},"8":{"name":"(anonymous_13)","decl":{"start":{"line":156,"column":26},"end":{"line":156,"column":33}},"loc":{"start":{"line":156,"column":33},"end":{"line":161,"column":null}}}},"branchMap":{"0":{"loc":{"start":{"line":28,"column":4},"end":{"line":30,"column":null}},"type":"if","locations":[{"start":{"line":28,"column":4},"end":{"line":30,"column":null}},{"start":{},"end":{}}]},"1":{"loc":{"start":{"line":36,"column":4},"end":{"line":52,"column":null}},"type":"if","locations":[{"start":{"line":36,"column":4},"end":{"line":52,"column":null}},{"start":{},"end":{}}]},"2":{"loc":{"start":{"line":57,"column":4},"end":{"line":60,"column":null}},"type":"if","locations":[{"start":{"line":57,"column":4},"end":{"line":60,"column":null}},{"start":{},"end":{}}]},"3":{"loc":{"start":{"line":64,"column":19},"end":{"line":64,"column":null}},"type":"binary-expr","locations":[{"start":{"line":64,"column":19},"end":{"line":64,"column":30}},{"start":{"line":64,"column":34},"end":{"line":64,"column":null}}]},"4":{"loc":{"start":{"line":67,"column":15},"end":{"line":67,"column":42}},"type":"binary-expr","locations":[{"start":{"line":67,"column":15},"end":{"line":67,"column":29}},{"start":{"line":67,"column":33},"end":{"line":67,"column":42}}]},"5":{"loc":{"start":{"line":79,"column":25},"end":{"line":79,"column":null}},"type":"cond-expr","locations":[{"start":{"line":79,"column":52},"end":{"line":79,"column":64}},{"start":{"line":79,"column":64},"end":{"line":79,"column":null}}]},"6":{"loc":{"start":{"line":95,"column":4},"end":{"line":95,"column":null}},"type":"if","locations":[{"start":{"line":95,"column":4},"end":{"line":95,"column":null}},{"start":{},"end":{}}]},"7":{"loc":{"start":{"line":97,"column":4},"end":{"line":111,"column":null}},"type":"if","locations":[{"start":{"line":97,"column":4},"end":{"line":111,"column":null}},{"start":{"line":100,"column":11},"end":{"line":111,"column":null}}]},"8":{"loc":{"start":{"line":98,"column":19},"end":{"line":98,"column":null}},"type":"cond-expr","locations":[{"start":{"line":98,"column":44},"end":{"line":98,"column":54}},{"start":{"line":98,"column":54},"end":{"line":98,"column":null}}]},"9":{"loc":{"start":{"line":100,"column":11},"end":{"line":111,"column":null}},"type":"if","locations":[{"start":{"line":100,"column":11},"end":{"line":111,"column":null}},{"start":{"line":104,"column":11},"end":{"line":111,"column":null}}]},"10":{"loc":{"start":{"line":101,"column":6},"end":{"line":103,"column":null}},"type":"if","locations":[{"start":{"line":101,"column":6},"end":{"line":103,"column":null}},{"start":{},"end":{}}]},"11":{"loc":{"start":{"line":104,"column":11},"end":{"line":111,"column":null}},"type":"if","locations":[{"start":{"line":104,"column":11},"end":{"line":111,"column":null}},{"start":{},"end":{}}]},"12":{"loc":{"start":{"line":106,"column":6},"end":{"line":110,"column":null}},"type":"if","locations":[{"start":{"line":106,"column":6},"end":{"line":110,"column":null}},{"start":{},"end":{}}]},"13":{"loc":{"start":{"line":109,"column":8},"end":{"line":109,"column":null}},"type":"if","locations":[{"start":{"line":109,"column":8},"end":{"line":109,"column":null}},{"start":{},"end":{}}]},"14":{"loc":{"start":{"line":119,"column":95},"end":{"line":119,"column":123}},"type":"cond-expr","locations":[{"start":{"line":119,"column":104},"end":{"line":119,"column":119}},{"start":{"line":119,"column":119},"end":{"line":119,"column":123}}]},"15":{"loc":{"start":{"line":121,"column":95},"end":{"line":121,"column":null}},"type":"binary-expr","locations":[{"start":{"line":121,"column":95},"end":{"line":121,"column":101}},{"start":{"line":121,"column":105},"end":{"line":121,"column":null}}]},"16":{"loc":{"start":{"line":122,"column":85},"end":{"line":122,"column":null}},"type":"binary-expr","locations":[{"start":{"line":122,"column":85},"end":{"line":122,"column":94}},{"start":{"line":122,"column":98},"end":{"line":122,"column":null}}]},"17":{"loc":{"start":{"line":130,"column":9},"end":{"line":130,"column":19}},"type":"binary-expr","locations":[{"start":{"line":130,"column":9},"end":{"line":130,"column":19}}]},"18":{"loc":{"start":{"line":149,"column":4},"end":{"line":153,"column":null}},"type":"if","locations":[{"start":{"line":149,"column":4},"end":{"line":153,"column":null}},{"start":{},"end":{}}]}},"s":{"0":0,"1":0,"2":0,"3":0,"4":0,"5":0,"6":0,"7":0,"8":0,"9":0,"10":0,"11":0,"12":0,"13":0,"14":0,"15":0,"16":0,"17":0,"18":0,"19":0,"20":0,"21":0,"22":0,"23":0,"24":0,"25":0,"26":0,"27":0,"28":0,"29":0,"30":0,"31":0,"32":0,"33":0,"34":0,"35":0,"36":0,"37":0,"38":0,"39":0,"40":0,"41":0,"42":0,"43":0,"44":0,"45":0,"46":0,"47":0,"48":0,"49":0,"50":0,"51":0,"52":0,"53":0,"54":0,"55":0,"56":0,"57":0},"f":{"0":0,"1":0,"2":0,"3":0,"4":0,"5":0,"6":0,"7":0,"8":0},"b":{"0":[0,0],"1":[0,0],"2":[0,0],"3":[0,0],"4":[0,0],"5":[0,0],"6":[0,0],"7":[0,0],"8":[0,0],"9":[0,0],"10":[0,0],"11":[0,0],"12":[0,0],"13":[0,0],"14":[0,0],"15":[0,0],"16":[0,0],"17":[0],"18":[0,0]}}
,"D:\\Chiussi Services\\chiussi-services\\components\\shared\\Header.js": {"path":"D:\\Chiussi Services\\chiussi-services\\components\\shared\\Header.js","statementMap":{"0":{"start":{"line":3,"column":24},"end":{"line":3,"column":null}},"1":{"start":{"line":1,"column":17},"end":{"line":1,"column":null}}},"fnMap":{"0":{"name":"Header","decl":{"start":{"line":3,"column":24},"end":{"line":3,"column":null}},"loc":{"start":{"line":3,"column":24},"end":{"line":16,"column":null}}}},"branchMap":{},"s":{"0":0,"1":0},"f":{"0":0},"b":{}}
,"D:\\Chiussi Services\\chiussi-services\\lib\\client-logger.ts": {"path":"D:\\Chiussi Services\\chiussi-services\\lib\\client-logger.ts","statementMap":{"0":{"start":{"line":65,"column":16},"end":{"line":65,"column":22}},"1":{"start":{"line":84,"column":16},"end":{"line":84,"column":21}},"2":{"start":{"line":77,"column":16},"end":{"line":77,"column":21}},"3":{"start":{"line":7,"column":27},"end":{"line":12,"column":null}},"4":{"start":{"line":18,"column":2},"end":{"line":18,"column":null}},"5":{"start":{"line":18,"column":31},"end":{"line":18,"column":null}},"6":{"start":{"line":20,"column":15},"end":{"line":20,"column":null}},"7":{"start":{"line":21,"column":2},"end":{"line":21,"column":null}},"8":{"start":{"line":22,"column":2},"end":{"line":22,"column":null}},"9":{"start":{"line":23,"column":2},"end":{"line":23,"column":null}},"10":{"start":{"line":24,"column":2},"end":{"line":24,"column":null}},"11":{"start":{"line":26,"column":2},"end":{"line":26,"column":null}},"12":{"start":{"line":33,"column":2},"end":{"line":33,"column":null}},"13":{"start":{"line":33,"column":17},"end":{"line":33,"column":null}},"14":{"start":{"line":35,"column":2},"end":{"line":37,"column":null}},"15":{"start":{"line":36,"column":4},"end":{"line":36,"column":null}},"16":{"start":{"line":39,"column":2},"end":{"line":41,"column":null}},"17":{"start":{"line":40,"column":4},"end":{"line":40,"column":null}},"18":{"start":{"line":40,"column":27},"end":{"line":40,"column":null}},"19":{"start":{"line":43,"column":2},"end":{"line":57,"column":null}},"20":{"start":{"line":44,"column":43},"end":{"line":44,"column":null}},"21":{"start":{"line":45,"column":4},"end":{"line":55,"column":null}},"22":{"start":{"line":46,"column":6},"end":{"line":54,"column":null}},"23":{"start":{"line":47,"column":8},"end":{"line":47,"column":null}},"24":{"start":{"line":48,"column":13},"end":{"line":54,"column":null}},"25":{"start":{"line":49,"column":8},"end":{"line":49,"column":null}},"26":{"start":{"line":50,"column":13},"end":{"line":54,"column":null}},"27":{"start":{"line":51,"column":8},"end":{"line":51,"column":null}},"28":{"start":{"line":53,"column":8},"end":{"line":53,"column":null}},"29":{"start":{"line":56,"column":4},"end":{"line":56,"column":null}},"30":{"start":{"line":59,"column":2},"end":{"line":59,"column":null}},"31":{"start":{"line":66,"column":19},"end":{"line":66,"column":null}},"32":{"start":{"line":67,"column":26},"end":{"line":70,"column":null}},"33":{"start":{"line":71,"column":2},"end":{"line":71,"column":null}},"34":{"start":{"line":78,"column":2},"end":{"line":78,"column":null}},"35":{"start":{"line":85,"column":2},"end":{"line":85,"column":null}}},"fnMap":{"0":{"name":"maskSensitiveData","decl":{"start":{"line":17,"column":9},"end":{"line":17,"column":27}},"loc":{"start":{"line":17,"column":38},"end":{"line":27,"column":null}}},"1":{"name":"sanitizeObject","decl":{"start":{"line":32,"column":9},"end":{"line":32,"column":24}},"loc":{"start":{"line":32,"column":51},"end":{"line":60,"column":null}}},"2":{"name":"(anonymous_6)","decl":{"start":{"line":40,"column":19},"end":{"line":40,"column":27}},"loc":{"start":{"line":40,"column":27},"end":{"line":40,"column":null}}},"3":{"name":"error","decl":{"start":{"line":65,"column":16},"end":{"line":65,"column":22}},"loc":{"start":{"line":65,"column":75},"end":{"line":72,"column":null}}},"4":{"name":"warn","decl":{"start":{"line":77,"column":16},"end":{"line":77,"column":21}},"loc":{"start":{"line":77,"column":57},"end":{"line":79,"column":null}}},"5":{"name":"info","decl":{"start":{"line":84,"column":16},"end":{"line":84,"column":21}},"loc":{"start":{"line":84,"column":57},"end":{"line":86,"column":null}}}},"branchMap":{"0":{"loc":{"start":{"line":18,"column":2},"end":{"line":18,"column":null}},"type":"if","locations":[{"start":{"line":18,"column":2},"end":{"line":18,"column":null}},{"start":{},"end":{}}]},"1":{"loc":{"start":{"line":32,"column":34},"end":{"line":32,"column":51}},"type":"default-arg","locations":[{"start":{"line":32,"column":50},"end":{"line":32,"column":51}}]},"2":{"loc":{"start":{"line":33,"column":2},"end":{"line":33,"column":null}},"type":"if","locations":[{"start":{"line":33,"column":2},"end":{"line":33,"column":null}},{"start":{},"end":{}}]},"3":{"loc":{"start":{"line":35,"column":2},"end":{"line":37,"column":null}},"type":"if","locations":[{"start":{"line":35,"column":2},"end":{"line":37,"column":null}},{"start":{},"end":{}}]},"4":{"loc":{"start":{"line":39,"column":2},"end":{"line":41,"column":null}},"type":"if","locations":[{"start":{"line":39,"column":2},"end":{"line":41,"column":null}},{"start":{},"end":{}}]},"5":{"loc":{"start":{"line":43,"column":2},"end":{"line":57,"column":null}},"type":"if","locations":[{"start":{"line":43,"column":2},"end":{"line":57,"column":null}},{"start":{},"end":{}}]},"6":{"loc":{"start":{"line":43,"column":6},"end":{"line":43,"column":47}},"type":"binary-expr","locations":[{"start":{"line":43,"column":6},"end":{"line":43,"column":22}},{"start":{"line":43,"column":22},"end":{"line":43,"column":47}}]},"7":{"loc":{"start":{"line":46,"column":6},"end":{"line":54,"column":null}},"type":"if","locations":[{"start":{"line":46,"column":6},"end":{"line":54,"column":null}},{"start":{"line":48,"column":13},"end":{"line":54,"column":null}}]},"8":{"loc":{"start":{"line":48,"column":13},"end":{"line":54,"column":null}},"type":"if","locations":[{"start":{"line":48,"column":13},"end":{"line":54,"column":null}},{"start":{"line":50,"column":13},"end":{"line":54,"column":null}}]},"9":{"loc":{"start":{"line":50,"column":13},"end":{"line":54,"column":null}},"type":"if","locations":[{"start":{"line":50,"column":13},"end":{"line":54,"column":null}},{"start":{"line":52,"column":13},"end":{"line":54,"column":null}}]},"10":{"loc":{"start":{"line":65,"column":39},"end":{"line":65,"column":54}},"type":"default-arg","locations":[{"start":{"line":65,"column":50},"end":{"line":65,"column":54}}]},"11":{"loc":{"start":{"line":65,"column":56},"end":{"line":65,"column":75}},"type":"default-arg","locations":[{"start":{"line":65,"column":71},"end":{"line":65,"column":75}}]},"12":{"loc":{"start":{"line":66,"column":19},"end":{"line":66,"column":null}},"type":"cond-expr","locations":[{"start":{"line":66,"column":42},"end":{"line":66,"column":53}},{"start":{"line":66,"column":56},"end":{"line":66,"column":null}}]},"13":{"loc":{"start":{"line":77,"column":38},"end":{"line":77,"column":57}},"type":"default-arg","locations":[{"start":{"line":77,"column":53},"end":{"line":77,"column":57}}]},"14":{"loc":{"start":{"line":78,"column":36},"end":{"line":78,"column":null}},"type":"cond-expr","locations":[{"start":{"line":78,"column":46},"end":{"line":78,"column":72}},{"start":{"line":78,"column":72},"end":{"line":78,"column":null}}]},"15":{"loc":{"start":{"line":84,"column":38},"end":{"line":84,"column":57}},"type":"default-arg","locations":[{"start":{"line":84,"column":53},"end":{"line":84,"column":57}}]},"16":{"loc":{"start":{"line":85,"column":35},"end":{"line":85,"column":null}},"type":"cond-expr","locations":[{"start":{"line":85,"column":45},"end":{"line":85,"column":71}},{"start":{"line":85,"column":71},"end":{"line":85,"column":null}}]}},"s":{"0":0,"1":0,"2":0,"3":0,"4":0,"5":0,"6":0,"7":0,"8":0,"9":0,"10":0,"11":0,"12":0,"13":0,"14":0,"15":0,"16":0,"17":0,"18":0,"19":0,"20":0,"21":0,"22":0,"23":0,"24":0,"25":0,"26":0,"27":0,"28":0,"29":0,"30":0,"31":0,"32":0,"33":0,"34":0,"35":0},"f":{"0":0,"1":0,"2":0,"3":0,"4":0,"5":0},"b":{"0":[0,0],"1":[0],"2":[0,0],"3":[0,0],"4":[0,0],"5":[0,0],"6":[0,0],"7":[0,0],"8":[0,0],"9":[0,0],"10":[0],"11":[0],"12":[0,0],"13":[0],"14":[0,0],"15":[0],"16":[0,0]}}
,"D:\\Chiussi Services\\chiussi-services\\lib\\csrf.js": {"path":"D:\\Chiussi Services\\chiussi-services\\lib\\csrf.js","statementMap":{"0":{"start":{"line":8,"column":16},"end":{"line":8,"column":null}},"1":{"start":{"line":25,"column":16},"end":{"line":25,"column":34}},"2":{"start":{"line":1,"column":19},"end":{"line":1,"column":null}},"3":{"start":{"line":9,"column":22},"end":{"line":9,"column":null}},"4":{"start":{"line":10,"column":20},"end":{"line":10,"column":null}},"5":{"start":{"line":11,"column":17},"end":{"line":11,"column":null}},"6":{"start":{"line":13,"column":2},"end":{"line":13,"column":null}},"7":{"start":{"line":14,"column":2},"end":{"line":14,"column":null}},"8":{"start":{"line":16,"column":2},"end":{"line":16,"column":null}},"9":{"start":{"line":26,"column":2},"end":{"line":54,"column":null}},"10":{"start":{"line":27,"column":4},"end":{"line":29,"column":null}},"11":{"start":{"line":28,"column":6},"end":{"line":28,"column":null}},"12":{"start":{"line":32,"column":19},"end":{"line":32,"column":null}},"13":{"start":{"line":33,"column":4},"end":{"line":35,"column":null}},"14":{"start":{"line":34,"column":6},"end":{"line":34,"column":null}},"15":{"start":{"line":38,"column":22},"end":{"line":38,"column":null}},"16":{"start":{"line":39,"column":16},"end":{"line":39,"column":null}},"17":{"start":{"line":40,"column":16},"end":{"line":40,"column":null}},"18":{"start":{"line":43,"column":4},"end":{"line":45,"column":null}},"19":{"start":{"line":44,"column":6},"end":{"line":44,"column":null}},"20":{"start":{"line":47,"column":4},"end":{"line":49,"column":null}},"21":{"start":{"line":48,"column":6},"end":{"line":48,"column":null}},"22":{"start":{"line":51,"column":4},"end":{"line":51,"column":null}},"23":{"start":{"line":53,"column":4},"end":{"line":53,"column":null}}},"fnMap":{"0":{"name":"generateCSRFToken","decl":{"start":{"line":8,"column":16},"end":{"line":8,"column":null}},"loc":{"start":{"line":8,"column":16},"end":{"line":17,"column":null}}},"1":{"name":"validateCSRFToken","decl":{"start":{"line":25,"column":16},"end":{"line":25,"column":34}},"loc":{"start":{"line":25,"column":55},"end":{"line":55,"column":null}}}},"branchMap":{"0":{"loc":{"start":{"line":25,"column":41},"end":{"line":25,"column":55}},"type":"default-arg","locations":[{"start":{"line":25,"column":50},"end":{"line":25,"column":55}}]},"1":{"loc":{"start":{"line":27,"column":4},"end":{"line":29,"column":null}},"type":"if","locations":[{"start":{"line":27,"column":4},"end":{"line":29,"column":null}},{"start":{},"end":{}}]},"2":{"loc":{"start":{"line":27,"column":8},"end":{"line":27,"column":45}},"type":"binary-expr","locations":[{"start":{"line":27,"column":8},"end":{"line":27,"column":18}},{"start":{"line":27,"column":18},"end":{"line":27,"column":45}}]},"3":{"loc":{"start":{"line":33,"column":4},"end":{"line":35,"column":null}},"type":"if","locations":[{"start":{"line":33,"column":4},"end":{"line":35,"column":null}},{"start":{},"end":{}}]},"4":{"loc":{"start":{"line":43,"column":4},"end":{"line":45,"column":null}},"type":"if","locations":[{"start":{"line":43,"column":4},"end":{"line":45,"column":null}},{"start":{},"end":{}}]},"5":{"loc":{"start":{"line":47,"column":4},"end":{"line":49,"column":null}},"type":"if","locations":[{"start":{"line":47,"column":4},"end":{"line":49,"column":null}},{"start":{},"end":{}}]}},"s":{"0":11,"1":9,"2":1,"3":11,"4":11,"5":11,"6":11,"7":11,"8":11,"9":9,"10":9,"11":1,"12":8,"13":8,"14":2,"15":6,"16":6,"17":6,"18":6,"19":2,"20":4,"21":0,"22":4,"23":0},"f":{"0":11,"1":9},"b":{"0":[6],"1":[1,8],"2":[9,8],"3":[2,6],"4":[2,4],"5":[0,4]}}
,"D:\\Chiussi Services\\chiussi-services\\lib\\logger.js": {"path":"D:\\Chiussi Services\\chiussi-services\\lib\\logger.js","statementMap":{"0":{"start":{"line":104,"column":16},"end":{"line":104,"column":22}},"1":{"start":{"line":84,"column":16},"end":{"line":84,"column":22}},"2":{"start":{"line":77,"column":16},"end":{"line":77,"column":21}},"3":{"start":{"line":96,"column":16},"end":{"line":96,"column":21}},"4":{"start":{"line":9,"column":27},"end":{"line":14,"column":null}},"5":{"start":{"line":20,"column":2},"end":{"line":20,"column":null}},"6":{"start":{"line":20,"column":31},"end":{"line":20,"column":null}},"7":{"start":{"line":22,"column":15},"end":{"line":22,"column":null}},"8":{"start":{"line":23,"column":2},"end":{"line":23,"column":null}},"9":{"start":{"line":24,"column":2},"end":{"line":24,"column":null}},"10":{"start":{"line":25,"column":2},"end":{"line":25,"column":null}},"11":{"start":{"line":26,"column":2},"end":{"line":26,"column":null}},"12":{"start":{"line":28,"column":2},"end":{"line":28,"column":null}},"13":{"start":{"line":35,"column":2},"end":{"line":35,"column":41}},"14":{"start":{"line":35,"column":17},"end":{"line":35,"column":41}},"15":{"start":{"line":37,"column":2},"end":{"line":39,"column":null}},"16":{"start":{"line":38,"column":4},"end":{"line":38,"column":null}},"17":{"start":{"line":41,"column":2},"end":{"line":43,"column":null}},"18":{"start":{"line":42,"column":4},"end":{"line":42,"column":null}},"19":{"start":{"line":42,"column":27},"end":{"line":42,"column":null}},"20":{"start":{"line":45,"column":2},"end":{"line":60,"column":null}},"21":{"start":{"line":46,"column":22},"end":{"line":46,"column":null}},"22":{"start":{"line":47,"column":4},"end":{"line":58,"column":null}},"23":{"start":{"line":49,"column":6},"end":{"line":57,"column":null}},"24":{"start":{"line":50,"column":8},"end":{"line":50,"column":null}},"25":{"start":{"line":51,"column":13},"end":{"line":57,"column":null}},"26":{"start":{"line":52,"column":8},"end":{"line":52,"column":null}},"27":{"start":{"line":53,"column":13},"end":{"line":57,"column":null}},"28":{"start":{"line":54,"column":8},"end":{"line":54,"column":null}},"29":{"start":{"line":56,"column":8},"end":{"line":56,"column":null}},"30":{"start":{"line":59,"column":4},"end":{"line":59,"column":null}},"31":{"start":{"line":62,"column":2},"end":{"line":62,"column":null}},"32":{"start":{"line":69,"column":20},"end":{"line":69,"column":null}},"33":{"start":{"line":70,"column":21},"end":{"line":70,"column":null}},"34":{"start":{"line":71,"column":2},"end":{"line":71,"column":null}},"35":{"start":{"line":78,"column":2},"end":{"line":78,"column":null}},"36":{"start":{"line":85,"column":19},"end":{"line":85,"column":null}},"37":{"start":{"line":86,"column":26},"end":{"line":89,"column":null}},"38":{"start":{"line":90,"column":2},"end":{"line":90,"column":null}},"39":{"start":{"line":97,"column":2},"end":{"line":97,"column":null}},"40":{"start":{"line":105,"column":2},"end":{"line":107,"column":null}},"41":{"start":{"line":106,"column":4},"end":{"line":106,"column":null}}},"fnMap":{"0":{"name":"maskSensitiveData","decl":{"start":{"line":19,"column":9},"end":{"line":19,"column":27}},"loc":{"start":{"line":19,"column":30},"end":{"line":29,"column":null}}},"1":{"name":"sanitizeObject","decl":{"start":{"line":34,"column":9},"end":{"line":34,"column":24}},"loc":{"start":{"line":34,"column":38},"end":{"line":63,"column":null}}},"2":{"name":"(anonymous_7)","decl":{"start":{"line":42,"column":19},"end":{"line":42,"column":27}},"loc":{"start":{"line":42,"column":27},"end":{"line":42,"column":null}}},"3":{"name":"formatLog","decl":{"start":{"line":68,"column":9},"end":{"line":68,"column":19}},"loc":{"start":{"line":68,"column":42},"end":{"line":72,"column":null}}},"4":{"name":"info","decl":{"start":{"line":77,"column":16},"end":{"line":77,"column":21}},"loc":{"start":{"line":77,"column":44},"end":{"line":79,"column":null}}},"5":{"name":"error","decl":{"start":{"line":84,"column":16},"end":{"line":84,"column":22}},"loc":{"start":{"line":84,"column":57},"end":{"line":91,"column":null}}},"6":{"name":"warn","decl":{"start":{"line":96,"column":16},"end":{"line":96,"column":21}},"loc":{"start":{"line":96,"column":44},"end":{"line":98,"column":null}}},"7":{"name":"debug","decl":{"start":{"line":104,"column":16},"end":{"line":104,"column":22}},"loc":{"start":{"line":104,"column":45},"end":{"line":108,"column":null}}}},"branchMap":{"0":{"loc":{"start":{"line":20,"column":2},"end":{"line":20,"column":null}},"type":"if","locations":[{"start":{"line":20,"column":2},"end":{"line":20,"column":null}},{"start":{},"end":{}}]},"1":{"loc":{"start":{"line":34,"column":29},"end":{"line":34,"column":38}},"type":"default-arg","locations":[{"start":{"line":34,"column":37},"end":{"line":34,"column":38}}]},"2":{"loc":{"start":{"line":35,"column":2},"end":{"line":35,"column":41}},"type":"if","locations":[{"start":{"line":35,"column":2},"end":{"line":35,"column":41}},{"start":{},"end":{}}]},"3":{"loc":{"start":{"line":37,"column":2},"end":{"line":39,"column":null}},"type":"if","locations":[{"start":{"line":37,"column":2},"end":{"line":39,"column":null}},{"start":{},"end":{}}]},"4":{"loc":{"start":{"line":41,"column":2},"end":{"line":43,"column":null}},"type":"if","locations":[{"start":{"line":41,"column":2},"end":{"line":43,"column":null}},{"start":{},"end":{}}]},"5":{"loc":{"start":{"line":45,"column":2},"end":{"line":60,"column":null}},"type":"if","locations":[{"start":{"line":45,"column":2},"end":{"line":60,"column":null}},{"start":{},"end":{}}]},"6":{"loc":{"start":{"line":45,"column":6},"end":{"line":45,"column":47}},"type":"binary-expr","locations":[{"start":{"line":45,"column":6},"end":{"line":45,"column":22}},{"start":{"line":45,"column":22},"end":{"line":45,"column":47}}]},"7":{"loc":{"start":{"line":49,"column":6},"end":{"line":57,"column":null}},"type":"if","locations":[{"start":{"line":49,"column":6},"end":{"line":57,"column":null}},{"start":{"line":51,"column":13},"end":{"line":57,"column":null}}]},"8":{"loc":{"start":{"line":51,"column":13},"end":{"line":57,"column":null}},"type":"if","locations":[{"start":{"line":51,"column":13},"end":{"line":57,"column":null}},{"start":{"line":53,"column":13},"end":{"line":57,"column":null}}]},"9":{"loc":{"start":{"line":53,"column":13},"end":{"line":57,"column":null}},"type":"if","locations":[{"start":{"line":53,"column":13},"end":{"line":57,"column":null}},{"start":{"line":55,"column":13},"end":{"line":57,"column":null}}]},"10":{"loc":{"start":{"line":70,"column":21},"end":{"line":70,"column":null}},"type":"cond-expr","locations":[{"start":{"line":70,"column":31},"end":{"line":70,"column":78}},{"start":{"line":70,"column":81},"end":{"line":70,"column":null}}]},"11":{"loc":{"start":{"line":77,"column":30},"end":{"line":77,"column":44}},"type":"default-arg","locations":[{"start":{"line":77,"column":40},"end":{"line":77,"column":44}}]},"12":{"loc":{"start":{"line":84,"column":31},"end":{"line":84,"column":41}},"type":"default-arg","locations":[{"start":{"line":84,"column":37},"end":{"line":84,"column":41}}]},"13":{"loc":{"start":{"line":84,"column":43},"end":{"line":84,"column":57}},"type":"default-arg","locations":[{"start":{"line":84,"column":53},"end":{"line":84,"column":57}}]},"14":{"loc":{"start":{"line":85,"column":19},"end":{"line":85,"column":null}},"type":"cond-expr","locations":[{"start":{"line":85,"column":42},"end":{"line":85,"column":58}},{"start":{"line":85,"column":61},"end":{"line":85,"column":null}}]},"15":{"loc":{"start":{"line":96,"column":30},"end":{"line":96,"column":44}},"type":"default-arg","locations":[{"start":{"line":96,"column":40},"end":{"line":96,"column":44}}]},"16":{"loc":{"start":{"line":104,"column":31},"end":{"line":104,"column":45}},"type":"default-arg","locations":[{"start":{"line":104,"column":41},"end":{"line":104,"column":45}}]},"17":{"loc":{"start":{"line":105,"column":2},"end":{"line":107,"column":null}},"type":"if","locations":[{"start":{"line":105,"column":2},"end":{"line":107,"column":null}},{"start":{},"end":{}}]}},"s":{"0":0,"1":0,"2":0,"3":0,"4":0,"5":0,"6":0,"7":0,"8":0,"9":0,"10":0,"11":0,"12":0,"13":0,"14":0,"15":0,"16":0,"17":0,"18":0,"19":0,"20":0,"21":0,"22":0,"23":0,"24":0,"25":0,"26":0,"27":0,"28":0,"29":0,"30":0,"31":0,"32":0,"33":0,"34":0,"35":0,"36":0,"37":0,"38":0,"39":0,"40":0,"41":0},"f":{"0":0,"1":0,"2":0,"3":0,"4":0,"5":0,"6":0,"7":0},"b":{"0":[0,0],"1":[0],"2":[0,0],"3":[0,0],"4":[0,0],"5":[0,0],"6":[0,0],"7":[0,0],"8":[0,0],"9":[0,0],"10":[0,0],"11":[0],"12":[0],"13":[0],"14":[0,0],"15":[0],"16":[0],"17":[0,0]}}
,"D:\\Chiussi Services\\chiussi-services\\lib\\rate-limit.js": {"path":"D:\\Chiussi Services\\chiussi-services\\lib\\rate-limit.js","statementMap":{"0":{"start":{"line":125,"column":9},"end":{"line":125,"column":25}},"1":{"start":{"line":125,"column":25},"end":{"line":125,"column":null}},"2":{"start":{"line":87,"column":16},"end":{"line":87,"column":30}},"3":{"start":{"line":9,"column":22},"end":{"line":9,"column":null}},"4":{"start":{"line":15,"column":26},"end":{"line":18,"column":null}},"5":{"start":{"line":24,"column":20},"end":{"line":24,"column":null}},"6":{"start":{"line":25,"column":2},"end":{"line":27,"column":null}},"7":{"start":{"line":26,"column":4},"end":{"line":26,"column":null}},"8":{"start":{"line":29,"column":19},"end":{"line":29,"column":null}},"9":{"start":{"line":30,"column":2},"end":{"line":30,"column":null}},"10":{"start":{"line":30,"column":16},"end":{"line":30,"column":null}},"11":{"start":{"line":33,"column":2},"end":{"line":33,"column":null}},"12":{"start":{"line":41,"column":14},"end":{"line":41,"column":null}},"13":{"start":{"line":42,"column":17},"end":{"line":42,"column":null}},"14":{"start":{"line":44,"column":2},"end":{"line":55,"column":null}},"15":{"start":{"line":46,"column":4},"end":{"line":49,"column":null}},"16":{"start":{"line":50,"column":4},"end":{"line":54,"column":null}},"17":{"start":{"line":58,"column":2},"end":{"line":69,"column":null}},"18":{"start":{"line":60,"column":4},"end":{"line":63,"column":null}},"19":{"start":{"line":64,"column":4},"end":{"line":68,"column":null}},"20":{"start":{"line":72,"column":2},"end":{"line":72,"column":null}},"21":{"start":{"line":73,"column":20},"end":{"line":73,"column":64}},"22":{"start":{"line":74,"column":18},"end":{"line":74,"column":63}},"23":{"start":{"line":76,"column":2},"end":{"line":80,"column":null}},"24":{"start":{"line":88,"column":2},"end":{"line":119,"column":null}},"25":{"start":{"line":89,"column":15},"end":{"line":89,"column":null}},"26":{"start":{"line":90,"column":46},"end":{"line":90,"column":null}},"27":{"start":{"line":92,"column":4},"end":{"line":110,"column":null}},"28":{"start":{"line":93,"column":24},"end":{"line":93,"column":null}},"29":{"start":{"line":94,"column":6},"end":{"line":108,"column":null}},"30":{"start":{"line":113,"column":21},"end":{"line":113,"column":null}},"31":{"start":{"line":114,"column":4},"end":{"line":114,"column":null}},"32":{"start":{"line":115,"column":4},"end":{"line":115,"column":null}},"33":{"start":{"line":116,"column":4},"end":{"line":116,"column":null}},"34":{"start":{"line":118,"column":4},"end":{"line":118,"column":null}}},"fnMap":{"0":{"name":"getClientIP","decl":{"start":{"line":23,"column":9},"end":{"line":23,"column":21}},"loc":{"start":{"line":23,"column":28},"end":{"line":34,"column":null}}},"1":{"name":"checkRateLimit","decl":{"start":{"line":40,"column":9},"end":{"line":40,"column":24}},"loc":{"start":{"line":40,"column":26},"end":{"line":81,"column":null}}},"2":{"name":"withRateLimit","decl":{"start":{"line":87,"column":16},"end":{"line":87,"column":30}},"loc":{"start":{"line":87,"column":37},"end":{"line":120,"column":null}}},"3":{"name":"(anonymous_7)","decl":{"start":{"line":88,"column":9},"end":{"line":88,"column":16}},"loc":{"start":{"line":88,"column":16},"end":{"line":119,"column":null}}}},"branchMap":{"0":{"loc":{"start":{"line":25,"column":2},"end":{"line":27,"column":null}},"type":"if","locations":[{"start":{"line":25,"column":2},"end":{"line":27,"column":null}},{"start":{},"end":{}}]},"1":{"loc":{"start":{"line":30,"column":2},"end":{"line":30,"column":null}},"type":"if","locations":[{"start":{"line":30,"column":2},"end":{"line":30,"column":null}},{"start":{},"end":{}}]},"2":{"loc":{"start":{"line":44,"column":2},"end":{"line":55,"column":null}},"type":"if","locations":[{"start":{"line":44,"column":2},"end":{"line":55,"column":null}},{"start":{},"end":{}}]},"3":{"loc":{"start":{"line":58,"column":2},"end":{"line":69,"column":null}},"type":"if","locations":[{"start":{"line":58,"column":2},"end":{"line":69,"column":null}},{"start":{},"end":{}}]},"4":{"loc":{"start":{"line":92,"column":4},"end":{"line":110,"column":null}},"type":"if","locations":[{"start":{"line":92,"column":4},"end":{"line":110,"column":null}},{"start":{},"end":{}}]}},"s":{"0":36,"1":0,"2":0,"3":1,"4":1,"5":0,"6":0,"7":0,"8":0,"9":0,"10":0,"11":0,"12":36,"13":36,"14":36,"15":11,"16":11,"17":25,"18":0,"19":0,"20":25,"21":25,"22":25,"23":25,"24":0,"25":0,"26":0,"27":0,"28":0,"29":0,"30":0,"31":0,"32":0,"33":0,"34":0},"f":{"0":0,"1":36,"2":0,"3":0},"b":{"0":[0,0],"1":[0,0],"2":[11,25],"3":[0,25],"4":[0,0]}}
,"D:\\Chiussi Services\\chiussi-services\\lib\\supabase.ts": {"path":"D:\\Chiussi Services\\chiussi-services\\lib\\supabase.ts","statementMap":{"0":{"start":{"line":6,"column":13},"end":{"line":6,"column":24}},"1":{"start":{"line":1,"column":29},"end":{"line":1,"column":null}},"2":{"start":{"line":3,"column":20},"end":{"line":3,"column":null}},"3":{"start":{"line":4,"column":24},"end":{"line":4,"column":null}},"4":{"start":{"line":6,"column":24},"end":{"line":6,"column":null}}},"fnMap":{},"branchMap":{"0":{"loc":{"start":{"line":3,"column":20},"end":{"line":3,"column":null}},"type":"binary-expr","locations":[{"start":{"line":3,"column":20},"end":{"line":3,"column":56}},{"start":{"line":3,"column":60},"end":{"line":3,"column":null}}]},"1":{"loc":{"start":{"line":4,"column":24},"end":{"line":4,"column":null}},"type":"binary-expr","locations":[{"start":{"line":4,"column":24},"end":{"line":4,"column":65}},{"start":{"line":4,"column":69},"end":{"line":4,"column":null}}]}},"s":{"0":0,"1":0,"2":0,"3":0,"4":0},"f":{},"b":{"0":[0,0],"1":[0,0]}}
}
