TN:
SF:app\layout.js
FN:21,RootLayout
FNF:1
FNH:0
FNDA:0,RootLayout
DA:1,0
DA:2,0
DA:4,0
DA:6,0
DA:21,0
LF:5
LH:0
BRF:0
BRH:0
end_of_record
TN:
SF:app\page.js
FN:10,HomePage
FN:13,(anonymous_3)
FN:102,(anonymous_4)
FN:111,(anonymous_5)
FN:141,(anonymous_6)
FNF:5
FNH:0
FNDA:0,HomePage
FNDA:0,(anonymous_3)
FNDA:0,(anonymous_4)
FNDA:0,(anonymous_5)
FNDA:0,(anonymous_6)
DA:2,0
DA:3,0
DA:8,0
DA:10,0
DA:11,0
DA:13,0
DA:15,0
DA:62,0
DA:103,0
DA:112,0
DA:142,0
LF:11
LH:0
BRDA:36,0,0,0
BRDA:36,0,1,0
BRDA:69,1,0,0
BRDA:69,1,1,0
BRDA:72,2,0,0
BRDA:76,3,0,0
BRDA:76,3,1,0
BRDA:103,4,0,0
BRDA:103,4,1,0
BRDA:112,5,0,0
BRDA:112,5,1,0
BRDA:114,6,0,0
BRDA:114,6,1,0
BRDA:142,7,0,0
BRDA:142,7,1,0
BRDA:143,8,0,0
BRDA:143,8,1,0
BRDA:151,9,0,0
BRDA:151,9,1,0
BRF:19
BRH:0
end_of_record
TN:
SF:app\(admin)\dashboard\page.tsx
FN:10,DashboardPage
FN:18,(anonymous_3)
FN:19,(anonymous_4)
FN:33,fetchTickets
FN:59,(anonymous_6)
FN:66,(anonymous_7)
FN:97,(anonymous_8)
FN:110,(anonymous_9)
FNF:8
FNH:0
FNDA:0,DashboardPage
FNDA:0,(anonymous_3)
FNDA:0,(anonymous_4)
FNDA:0,fetchTickets
FNDA:0,(anonymous_6)
FNDA:0,(anonymous_7)
FNDA:0,(anonymous_8)
FNDA:0,(anonymous_9)
DA:2,0
DA:3,0
DA:4,0
DA:6,0
DA:7,0
DA:8,0
DA:10,0
DA:11,0
DA:12,0
DA:13,0
DA:14,0
DA:15,0
DA:16,0
DA:18,0
DA:19,0
DA:20,0
DA:21,0
DA:22,0
DA:24,0
DA:25,0
DA:26,0
DA:30,0
DA:34,0
DA:35,0
DA:36,0
DA:42,0
DA:43,0
DA:44,0
DA:45,0
DA:46,0
DA:49,0
DA:50,0
DA:53,0
DA:54,0
DA:55,0
DA:59,0
DA:60,0
DA:61,0
DA:66,0
DA:67,0
DA:97,0
DA:111,0
LF:42
LH:0
BRDA:21,0,0,0
BRDA:21,0,1,0
BRDA:42,1,0,0
BRDA:42,1,1,0
BRDA:49,2,0,0
BRDA:49,2,1,0
BRDA:67,3,0,0
BRDA:67,3,1,0
BRDA:74,4,0,0
BRF:9
BRH:0
end_of_record
TN:
SF:app\(admin)\login\page.js
FN:10,LoginPage
FN:17,(anonymous_3)
FN:47,(anonymous_4)
FN:55,(anonymous_5)
FNF:4
FNH:0
FNDA:0,LoginPage
FNDA:0,(anonymous_3)
FNDA:0,(anonymous_4)
FNDA:0,(anonymous_5)
DA:2,0
DA:3,0
DA:4,0
DA:5,0
DA:6,0
DA:8,0
DA:10,0
DA:11,0
DA:12,0
DA:13,0
DA:14,0
DA:15,0
DA:17,0
DA:18,0
DA:19,0
DA:20,0
DA:21,0
DA:22,0
DA:23,0
DA:24,0
DA:26,0
DA:47,0
DA:55,0
LF:23
LH:0
BRDA:22,0,0,0
BRDA:22,0,1,0
BRDA:59,1,0,0
BRDA:62,2,0,0
BRDA:62,2,1,0
BRF:5
BRH:0
end_of_record
TN:
SF:app\api\csrf-token\route.js
FN:11,GET
FNF:1
FNH:0
FNDA:0,GET
DA:1,0
DA:2,0
DA:3,0
DA:11,0
DA:12,0
DA:13,0
DA:15,0
DA:27,0
DA:28,0
LF:9
LH:0
BRF:0
BRH:0
end_of_record
TN:
SF:app\api\tickets\route.js
FN:53,validateField
FN:86,validateFormData
FN:101,(anonymous_3)
FN:118,POST
FNF:4
FNH:0
FNDA:0,validateField
FNDA:0,validateFormData
FNDA:0,(anonymous_3)
FNDA:0,POST
DA:1,0
DA:2,0
DA:3,0
DA:4,0
DA:5,0
DA:8,0
DA:54,0
DA:55,0
DA:56,0
DA:58,0
DA:61,0
DA:63,0
DA:64,0
DA:67,0
DA:68,0
DA:71,0
DA:72,0
DA:75,0
DA:76,0
DA:79,0
DA:87,0
DA:88,0
DA:91,0
DA:101,0
DA:102,0
DA:103,0
DA:104,0
DA:107,0
DA:111,0
DA:118,0
DA:119,0
DA:121,0
DA:122,0
DA:124,0
DA:125,0
DA:126,0
DA:127,0
DA:143,0
DA:144,0
DA:145,0
DA:153,0
DA:154,0
DA:156,0
DA:163,0
DA:164,0
DA:165,0
DA:166,0
DA:173,0
DA:174,0
DA:175,0
DA:182,0
DA:188,0
DA:189,0
DA:191,0
DA:192,0
DA:193,0
DA:199,0
DA:202,0
DA:207,0
DA:209,0
DA:215,0
DA:221,0
DA:222,0
DA:223,0
DA:229,0
DA:230,0
DA:236,0
DA:237,0
LF:68
LH:0
BRDA:54,0,0,0
BRDA:54,0,1,0
BRDA:55,1,0,0
BRDA:55,1,1,0
BRDA:63,2,0,0
BRDA:63,2,1,0
BRDA:63,3,0,0
BRDA:63,3,1,0
BRDA:64,4,0,0
BRDA:64,4,1,0
BRDA:67,5,0,0
BRDA:67,5,1,0
BRDA:67,6,0,0
BRDA:67,6,1,0
BRDA:68,7,0,0
BRDA:68,7,1,0
BRDA:71,8,0,0
BRDA:71,8,1,0
BRDA:71,9,0,0
BRDA:71,9,1,0
BRDA:72,10,0,0
BRDA:72,10,1,0
BRDA:75,11,0,0
BRDA:75,11,1,0
BRDA:75,12,0,0
BRDA:75,12,1,0
BRDA:76,13,0,0
BRDA:76,13,1,0
BRDA:92,14,0,0
BRDA:92,14,1,0
BRDA:96,15,0,0
BRDA:96,15,1,0
BRDA:97,16,0,0
BRDA:97,16,1,0
BRDA:103,17,0,0
BRDA:103,17,1,0
BRDA:124,18,0,0
BRDA:124,18,1,0
BRDA:144,19,0,0
BRDA:144,19,1,0
BRDA:165,20,0,0
BRDA:165,20,1,0
BRDA:174,21,0,0
BRDA:174,21,1,0
BRDA:191,22,0,0
BRDA:191,22,1,0
BRDA:191,23,0,0
BRDA:191,23,1,0
BRDA:207,24,0,0
BRDA:207,24,1,0
BRDA:221,25,0,0
BRDA:221,25,1,0
BRDA:221,26,0,0
BRDA:221,26,1,0
BRF:54
BRH:0
end_of_record
TN:
SF:app\mentions\page.js
FN:6,LegalPage
FN:11,(anonymous_3)
FNF:2
FNH:0
FNDA:0,LegalPage
FNDA:0,(anonymous_3)
DA:2,0
DA:3,0
DA:4,0
DA:6,0
DA:7,0
DA:11,0
LF:6
LH:0
BRDA:10,0,0,0
BRDA:10,0,1,0
BRDA:12,1,0,0
BRDA:12,1,1,0
BRDA:24,2,0,0
BRDA:24,2,1,0
BRDA:26,3,0,0
BRDA:26,3,1,0
BRDA:34,4,0,0
BRDA:34,4,1,0
BRDA:39,5,0,0
BRDA:39,5,1,0
BRDA:45,6,0,0
BRDA:45,6,1,0
BRF:14
BRH:0
end_of_record
TN:
SF:app\tickets\page.js
FN:9,TicketsPage
FN:29,(anonymous_3)
FN:43,(anonymous_4)
FN:58,(anonymous_5)
FN:63,(anonymous_6)
FN:107,(anonymous_7)
FN:118,(anonymous_8)
FN:120,(anonymous_9)
FN:127,(anonymous_10)
FN:134,(anonymous_11)
FN:251,(anonymous_12)
FN:255,(anonymous_13)
FN:309,InputGroup
FNF:13
FNH:0
FNDA:0,TicketsPage
FNDA:0,(anonymous_3)
FNDA:0,(anonymous_4)
FNDA:0,(anonymous_5)
FNDA:0,(anonymous_6)
FNDA:0,(anonymous_7)
FNDA:0,(anonymous_8)
FNDA:0,(anonymous_9)
FNDA:0,(anonymous_10)
FNDA:0,(anonymous_11)
FNDA:0,(anonymous_12)
FNDA:0,(anonymous_13)
FNDA:0,InputGroup
DA:2,0
DA:3,0
DA:7,0
DA:9,0
DA:10,0
DA:11,0
DA:12,0
DA:13,0
DA:14,0
DA:15,0
DA:16,0
DA:17,0
DA:20,0
DA:29,0
DA:30,0
DA:31,0
DA:32,0
DA:33,0
DA:34,0
DA:37,0
DA:38,0
DA:43,0
DA:45,0
DA:46,0
DA:47,0
DA:51,0
DA:54,0
DA:58,0
DA:59,0
DA:60,0
DA:63,0
DA:64,0
DA:66,0
DA:68,0
DA:69,0
DA:70,0
DA:71,0
DA:72,0
DA:75,0
DA:76,0
DA:77,0
DA:78,0
DA:81,0
DA:82,0
DA:83,0
DA:84,0
DA:85,0
DA:88,0
DA:89,0
DA:90,0
DA:91,0
DA:92,0
DA:95,0
DA:96,0
DA:97,0
DA:98,0
DA:101,0
DA:107,0
DA:108,0
DA:109,0
DA:110,0
DA:112,0
DA:113,0
DA:114,0
DA:118,0
DA:120,0
DA:121,0
DA:122,0
DA:124,0
DA:127,0
DA:128,0
DA:131,0
DA:132,0
DA:134,0
DA:135,0
DA:136,0
DA:137,0
DA:142,0
DA:145,0
DA:146,0
DA:147,0
DA:151,0
DA:152,0
DA:153,0
DA:156,0
DA:157,0
DA:159,0
DA:161,0
DA:175,0
DA:177,0
DA:179,0
DA:181,0
DA:182,0
DA:184,0
DA:186,0
DA:190,0
DA:192,0
DA:193,0
DA:195,0
DA:199,0
DA:252,0
DA:255,0
LF:102
LH:0
BRDA:33,0,0,0
BRDA:33,0,1,0
BRDA:46,1,0,0
BRDA:46,1,1,0
BRDA:59,2,0,0
BRDA:59,2,1,0
BRDA:66,3,0,0
BRDA:66,3,1,0
BRDA:66,3,2,0
BRDA:66,3,3,0
BRDA:66,3,4,0
BRDA:68,4,0,0
BRDA:68,4,1,0
BRDA:69,5,0,0
BRDA:69,5,1,0
BRDA:70,6,0,0
BRDA:70,6,1,0
BRDA:71,7,0,0
BRDA:71,7,1,0
BRDA:75,8,0,0
BRDA:75,8,1,0
BRDA:76,9,0,0
BRDA:76,9,1,0
BRDA:77,10,0,0
BRDA:77,10,1,0
BRDA:81,11,0,0
BRDA:81,11,1,0
BRDA:82,12,0,0
BRDA:82,12,1,0
BRDA:83,13,0,0
BRDA:83,13,1,0
BRDA:84,14,0,0
BRDA:84,14,1,0
BRDA:88,15,0,0
BRDA:88,15,1,0
BRDA:89,16,0,0
BRDA:89,16,1,0
BRDA:90,17,0,0
BRDA:90,17,1,0
BRDA:91,18,0,0
BRDA:91,18,1,0
BRDA:95,19,0,0
BRDA:95,19,1,0
BRDA:96,20,0,0
BRDA:96,20,1,0
BRDA:97,21,0,0
BRDA:97,21,1,0
BRDA:109,22,0,0
BRDA:109,22,1,0
BRDA:136,23,0,0
BRDA:136,23,1,0
BRDA:145,24,0,0
BRDA:145,24,1,0
BRDA:151,25,0,0
BRDA:151,25,1,0
BRDA:177,26,0,0
BRDA:177,26,1,0
BRDA:179,27,0,0
BRDA:179,27,1,0
BRDA:184,28,0,0
BRDA:184,28,1,0
BRDA:199,29,0,0
BRDA:199,29,1,0
BRDA:201,30,0,0
BRDA:201,30,1,0
BRDA:215,31,0,0
BRDA:215,31,1,0
BRDA:219,32,0,0
BRDA:223,33,0,0
BRDA:223,33,1,0
BRDA:236,34,0,0
BRDA:236,34,1,0
BRDA:242,35,0,0
BRDA:242,35,1,0
BRDA:256,36,0,0
BRDA:256,36,1,0
BRDA:284,37,0,0
BRDA:284,37,1,0
BRDA:284,38,0,0
BRDA:284,38,1,0
BRDA:284,39,0,0
BRDA:284,39,1,0
BRDA:287,40,0,0
BRDA:290,41,0,0
BRDA:300,42,0,0
BRDA:300,42,1,0
BRDA:309,43,0,0
BRDA:322,44,0,0
BRDA:322,44,1,0
BRDA:322,45,0,0
BRDA:322,45,1,0
BRDA:322,46,0,0
BRDA:322,46,1,0
BRDA:324,47,0,0
BRF:94
BRH:0
end_of_record
TN:
SF:components\AdminCalendar.tsx
FN:11,AdminCalendar
FN:15,(anonymous_6)
FN:39,(anonymous_7)
FN:55,fetchEvents
FN:62,(anonymous_9)
FN:85,(anonymous_10)
FN:115,(anonymous_11)
FN:135,(anonymous_12)
FN:156,(anonymous_13)
FNF:9
FNH:0
FNDA:0,AdminCalendar
FNDA:0,(anonymous_6)
FNDA:0,(anonymous_7)
FNDA:0,fetchEvents
FNDA:0,(anonymous_9)
FNDA:0,(anonymous_10)
FNDA:0,(anonymous_11)
FNDA:0,(anonymous_12)
FNDA:0,(anonymous_13)
DA:2,0
DA:3,0
DA:4,0
DA:5,0
DA:6,0
DA:7,0
DA:9,0
DA:11,0
DA:12,0
DA:13,0
DA:15,0
DA:17,0
DA:28,0
DA:29,0
DA:32,0
DA:33,0
DA:35,0
DA:36,0
DA:37,0
DA:39,0
DA:56,0
DA:57,0
DA:58,0
DA:59,0
DA:62,0
DA:64,0
DA:65,0
DA:85,0
DA:86,0
DA:87,0
DA:94,0
DA:95,0
DA:97,0
DA:98,0
DA:99,0
DA:100,0
DA:101,0
DA:102,0
DA:104,0
DA:105,0
DA:106,0
DA:108,0
DA:109,0
DA:112,0
DA:115,0
DA:116,0
DA:117,0
DA:135,0
DA:136,0
DA:137,0
DA:149,0
DA:150,0
DA:151,0
DA:152,0
DA:156,0
DA:157,0
LF:56
LH:0
BRDA:28,0,0,0
BRDA:28,0,1,0
BRDA:36,1,0,0
BRDA:36,1,1,0
BRDA:57,2,0,0
BRDA:57,2,1,0
BRDA:64,3,0,0
BRDA:64,3,1,0
BRDA:67,4,0,0
BRDA:67,4,1,0
BRDA:79,5,0,0
BRDA:79,5,1,0
BRDA:95,6,0,0
BRDA:95,6,1,0
BRDA:97,7,0,0
BRDA:97,7,1,0
BRDA:98,8,0,0
BRDA:98,8,1,0
BRDA:100,9,0,0
BRDA:100,9,1,0
BRDA:101,10,0,0
BRDA:101,10,1,0
BRDA:104,11,0,0
BRDA:104,11,1,0
BRDA:106,12,0,0
BRDA:106,12,1,0
BRDA:109,13,0,0
BRDA:109,13,1,0
BRDA:119,14,0,0
BRDA:119,14,1,0
BRDA:121,15,0,0
BRDA:121,15,1,0
BRDA:122,16,0,0
BRDA:122,16,1,0
BRDA:130,17,0,0
BRDA:149,18,0,0
BRDA:149,18,1,0
BRF:37
BRH:0
end_of_record
TN:
SF:components\shared\Header.js
FN:3,Header
FNF:1
FNH:0
FNDA:0,Header
DA:1,0
DA:3,0
LF:2
LH:0
BRF:0
BRH:0
end_of_record
TN:
SF:lib\client-logger.ts
FN:17,maskSensitiveData
FN:32,sanitizeObject
FN:40,(anonymous_6)
FN:65,error
FN:77,warn
FN:84,info
FNF:6
FNH:0
FNDA:0,maskSensitiveData
FNDA:0,sanitizeObject
FNDA:0,(anonymous_6)
FNDA:0,error
FNDA:0,warn
FNDA:0,info
DA:7,0
DA:18,0
DA:20,0
DA:21,0
DA:22,0
DA:23,0
DA:24,0
DA:26,0
DA:33,0
DA:35,0
DA:36,0
DA:39,0
DA:40,0
DA:43,0
DA:44,0
DA:45,0
DA:46,0
DA:47,0
DA:48,0
DA:49,0
DA:50,0
DA:51,0
DA:53,0
DA:56,0
DA:59,0
DA:65,0
DA:66,0
DA:67,0
DA:71,0
DA:77,0
DA:78,0
DA:84,0
DA:85,0
LF:33
LH:0
BRDA:18,0,0,0
BRDA:18,0,1,0
BRDA:32,1,0,0
BRDA:33,2,0,0
BRDA:33,2,1,0
BRDA:35,3,0,0
BRDA:35,3,1,0
BRDA:39,4,0,0
BRDA:39,4,1,0
BRDA:43,5,0,0
BRDA:43,5,1,0
BRDA:43,6,0,0
BRDA:43,6,1,0
BRDA:46,7,0,0
BRDA:46,7,1,0
BRDA:48,8,0,0
BRDA:48,8,1,0
BRDA:50,9,0,0
BRDA:50,9,1,0
BRDA:65,10,0,0
BRDA:65,11,0,0
BRDA:66,12,0,0
BRDA:66,12,1,0
BRDA:77,13,0,0
BRDA:78,14,0,0
BRDA:78,14,1,0
BRDA:84,15,0,0
BRDA:85,16,0,0
BRDA:85,16,1,0
BRF:29
BRH:0
end_of_record
TN:
SF:lib\csrf.js
FN:8,generateCSRFToken
FN:25,validateCSRFToken
FNF:2
FNH:2
FNDA:11,generateCSRFToken
FNDA:9,validateCSRFToken
DA:1,1
DA:8,11
DA:9,11
DA:10,11
DA:11,11
DA:13,11
DA:14,11
DA:16,11
DA:25,9
DA:26,9
DA:27,9
DA:28,1
DA:32,8
DA:33,8
DA:34,2
DA:38,6
DA:39,6
DA:40,6
DA:43,6
DA:44,2
DA:47,4
DA:48,0
DA:51,4
DA:53,0
LF:24
LH:22
BRDA:25,0,0,6
BRDA:27,1,0,1
BRDA:27,1,1,8
BRDA:27,2,0,9
BRDA:27,2,1,8
BRDA:33,3,0,2
BRDA:33,3,1,6
BRDA:43,4,0,2
BRDA:43,4,1,4
BRDA:47,5,0,0
BRDA:47,5,1,4
BRF:11
BRH:10
end_of_record
TN:
SF:lib\logger.js
FN:19,maskSensitiveData
FN:34,sanitizeObject
FN:42,(anonymous_7)
FN:68,formatLog
FN:77,info
FN:84,error
FN:96,warn
FN:104,debug
FNF:8
FNH:0
FNDA:0,maskSensitiveData
FNDA:0,sanitizeObject
FNDA:0,(anonymous_7)
FNDA:0,formatLog
FNDA:0,info
FNDA:0,error
FNDA:0,warn
FNDA:0,debug
DA:9,0
DA:20,0
DA:22,0
DA:23,0
DA:24,0
DA:25,0
DA:26,0
DA:28,0
DA:35,0
DA:37,0
DA:38,0
DA:41,0
DA:42,0
DA:45,0
DA:46,0
DA:47,0
DA:49,0
DA:50,0
DA:51,0
DA:52,0
DA:53,0
DA:54,0
DA:56,0
DA:59,0
DA:62,0
DA:69,0
DA:70,0
DA:71,0
DA:77,0
DA:78,0
DA:84,0
DA:85,0
DA:86,0
DA:90,0
DA:96,0
DA:97,0
DA:104,0
DA:105,0
DA:106,0
LF:39
LH:0
BRDA:20,0,0,0
BRDA:20,0,1,0
BRDA:34,1,0,0
BRDA:35,2,0,0
BRDA:35,2,1,0
BRDA:37,3,0,0
BRDA:37,3,1,0
BRDA:41,4,0,0
BRDA:41,4,1,0
BRDA:45,5,0,0
BRDA:45,5,1,0
BRDA:45,6,0,0
BRDA:45,6,1,0
BRDA:49,7,0,0
BRDA:49,7,1,0
BRDA:51,8,0,0
BRDA:51,8,1,0
BRDA:53,9,0,0
BRDA:53,9,1,0
BRDA:70,10,0,0
BRDA:70,10,1,0
BRDA:77,11,0,0
BRDA:84,12,0,0
BRDA:84,13,0,0
BRDA:85,14,0,0
BRDA:85,14,1,0
BRDA:96,15,0,0
BRDA:104,16,0,0
BRDA:105,17,0,0
BRDA:105,17,1,0
BRF:30
BRH:0
end_of_record
TN:
SF:lib\rate-limit.js
FN:23,getClientIP
FN:40,checkRateLimit
FN:87,withRateLimit
FN:88,(anonymous_7)
FNF:4
FNH:1
FNDA:0,getClientIP
FNDA:36,checkRateLimit
FNDA:0,withRateLimit
FNDA:0,(anonymous_7)
DA:9,1
DA:15,1
DA:24,0
DA:25,0
DA:26,0
DA:29,0
DA:30,0
DA:33,0
DA:41,36
DA:42,36
DA:44,36
DA:46,11
DA:50,11
DA:58,25
DA:60,0
DA:64,0
DA:72,25
DA:73,25
DA:74,25
DA:76,25
DA:87,0
DA:88,0
DA:89,0
DA:90,0
DA:92,0
DA:93,0
DA:94,0
DA:113,0
DA:114,0
DA:115,0
DA:116,0
DA:118,0
DA:125,36
LF:33
LH:13
BRDA:25,0,0,0
BRDA:25,0,1,0
BRDA:30,1,0,0
BRDA:30,1,1,0
BRDA:44,2,0,11
BRDA:44,2,1,25
BRDA:58,3,0,0
BRDA:58,3,1,25
BRDA:92,4,0,0
BRDA:92,4,1,0
BRF:10
BRH:3
end_of_record
TN:
SF:lib\supabase.ts
FNF:0
FNH:0
DA:1,0
DA:3,0
DA:4,0
DA:6,0
LF:4
LH:0
BRDA:3,0,0,0
BRDA:3,0,1,0
BRDA:4,1,0,0
BRDA:4,1,1,0
BRF:4
BRH:0
end_of_record
